This is pdfTeX, Version 3.14159265-2.6-1.40.19 (TeX Live 2018) (preloaded format=pdflatex 2019.1.9)  13 FEB 2019 09:12
entering extended mode
 restricted \write18 enabled.
 file:line:error style messages enabled.
 %&-line parsing enabled.
**"/Users/IdaRiis/Dropbox/DTU/6. semester/Bachelorprojekt F19/Bachelor/Latex/main.tex"
(/Users/IdaRiis/Dropbox/DTU/6. semester/Bachelorprojekt F19/Bachelor/Latex/main.tex
LaTeX2e <2018-04-01> patch level 2
Babel <3.18> and hyphenation patterns for 84 language(s) loaded.

! LaTeX Error: File `preamble/static.tex' not found.

Type X to quit or <RETURN> to proceed,
or enter new name. (Default extension: tex)

Enter file name: 
/Users/IdaRiis/Dropbox/DTU/6. semester/Bachelorprojekt F19/Bachelor/Latex/main.tex:1: Emergency stop.
<read *> 
         
l.1 \input{preamble/static}
                           ^^M
*** (cannot \read from terminal in nonstop modes)

 
Here is how much of TeX's memory you used:
 8 strings out of 492649
 426 string characters out of 6129623
 56400 words of memory out of 5000000
 3988 multiletter control sequences out of 15000+600000
 3640 words of font info for 14 fonts, out of 8000000 for 9000
 1141 hyphenation exceptions out of 8191
 5i,0n,3p,110b,8s stack positions out of 5000i,500n,10000p,200000b,80000s
/Users/IdaRiis/Dropbox/DTU/6. semester/Bachelorprojekt F19/Bachelor/Latex/main.tex:1:  ==> Fatal error occurred, no output PDF file produced!
