This is XeTeX, Version 3.14159265-2.6-0.99999 (TeX Live 2018) (preloaded format=xelatex 2019.4.26)  20 JUN 2019 16:53
entering extended mode
 restricted \write18 enabled.
 file:line:error style messages enabled.
 %&-line parsing enabled.
**"/Users/IdaRiis/Dropbox/DTU/6. semester/Bachelorprojekt F19/Bachelor/latex/template/Thesis"
(/Users/IdaRiis/Dropbox/DTU/6. semester/Bachelorprojekt F19/Bachelor/latex/template/Thesis.tex
LaTeX2e <2018-12-01>
(./preamble/static.tex) (./preamble/general.tex (/usr/local/texlive/2018/texmf-dist/tex/latex/nag/nag.sty
Package: nag 2011/11/25 0.7 warning about old commands (ulmi)
\c@nag@c=\count80
\c@nag@sins=\count81
Package nag Info: Loaded nag-l2tabu.cfg  on input line 552.
 (/usr/local/texlive/2018/texmf-dist/tex/latex/nag/nag-l2tabu.cfg
File: nag-l2tabu.cfg 2010/05/17 v2.11 l2tabu rules for nag.sty (ulmi)
)
Package nag Info: Loaded nag-orthodox.cfg  on input line 552.
 (/usr/local/texlive/2018/texmf-dist/tex/latex/nag/nag-orthodox.cfg
File: nag-orthodox.cfg 2006/04/19 v1.8 strict rules for nag.sty (ulmi)
)) (/usr/local/texlive/2018/texmf-dist/tex/latex/memoir/memoir.cls
Document Class: memoir 2018/12/12 v3.7h configurable book, report, article document class
\onelineskip=\skip41
\lxvchars=\skip42
\xlvchars=\skip43
\@memcnta=\count82
\c@@memmarkcntra=\count83
(/usr/local/texlive/2018/texmf-dist/tex/generic/oberdiek/ifpdf.sty
Package: ifpdf 2018/09/07 v3.3 Provides the ifpdf switch
) (/usr/local/texlive/2018/texmf-dist/tex/latex/ifetex/ifetex.sty
Package: ifetex 2018/03/31 v1.2a ifetex
 (/usr/local/texlive/2018/texmf-dist/tex/plain/ifetex/ifetex.tex)) (/usr/local/texlive/2018/texmf-dist/tex/generic/ifxetex/ifxetex.sty
Package: ifxetex 2010/09/12 v0.6 Provides ifxetex conditional
) (/usr/local/texlive/2018/texmf-dist/tex/generic/oberdiek/ifluatex.sty
Package: ifluatex 2016/05/16 v1.4 Provides the ifluatex switch (HO)
Package ifluatex Info: LuaTeX not detected.
)
\stockheight=\skip44
\stockwidth=\skip45
\trimtop=\skip46
\trimedge=\skip47
LaTeX Font Info:    Try loading font information for T1+lmr on input line 661.
 (/usr/local/texlive/2018/texmf-dist/tex/latex/lm/t1lmr.fd
File: t1lmr.fd 2009/10/30 v1.6 Font defs for Latin Modern
) (/usr/local/texlive/2018/texmf-dist/tex/latex/memoir/mem10.clo
File: mem10.clo 2008/01/30 v0.3 memoir class 10pt size option
) (/usr/local/texlive/2018/texmf-dist/tex/latex/lm/lmodern.sty
Package: lmodern 2009/10/30 v1.6 Latin Modern Fonts
LaTeX Font Info:    Overwriting symbol font `operators' in version `normal'
(Font)                  OT1/cmr/m/n --> OT1/lmr/m/n on input line 22.
LaTeX Font Info:    Overwriting symbol font `letters' in version `normal'
(Font)                  OML/cmm/m/it --> OML/lmm/m/it on input line 23.
LaTeX Font Info:    Overwriting symbol font `symbols' in version `normal'
(Font)                  OMS/cmsy/m/n --> OMS/lmsy/m/n on input line 24.
LaTeX Font Info:    Overwriting symbol font `largesymbols' in version `normal'
(Font)                  OMX/cmex/m/n --> OMX/lmex/m/n on input line 25.
LaTeX Font Info:    Overwriting symbol font `operators' in version `bold'
(Font)                  OT1/cmr/bx/n --> OT1/lmr/bx/n on input line 26.
LaTeX Font Info:    Overwriting symbol font `letters' in version `bold'
(Font)                  OML/cmm/b/it --> OML/lmm/b/it on input line 27.
LaTeX Font Info:    Overwriting symbol font `symbols' in version `bold'
(Font)                  OMS/cmsy/b/n --> OMS/lmsy/b/n on input line 28.
LaTeX Font Info:    Overwriting symbol font `largesymbols' in version `bold'
(Font)                  OMX/cmex/m/n --> OMX/lmex/m/n on input line 29.
LaTeX Font Info:    Overwriting math alphabet `\mathbf' in version `normal'
(Font)                  OT1/cmr/bx/n --> OT1/lmr/bx/n on input line 31.
LaTeX Font Info:    Overwriting math alphabet `\mathsf' in version `normal'
(Font)                  OT1/cmss/m/n --> OT1/lmss/m/n on input line 32.
LaTeX Font Info:    Overwriting math alphabet `\mathit' in version `normal'
(Font)                  OT1/cmr/m/it --> OT1/lmr/m/it on input line 33.
LaTeX Font Info:    Overwriting math alphabet `\mathtt' in version `normal'
(Font)                  OT1/cmtt/m/n --> OT1/lmtt/m/n on input line 34.
LaTeX Font Info:    Overwriting math alphabet `\mathbf' in version `bold'
(Font)                  OT1/cmr/bx/n --> OT1/lmr/bx/n on input line 35.
LaTeX Font Info:    Overwriting math alphabet `\mathsf' in version `bold'
(Font)                  OT1/cmss/bx/n --> OT1/lmss/bx/n on input line 36.
LaTeX Font Info:    Overwriting math alphabet `\mathit' in version `bold'
(Font)                  OT1/cmr/bx/it --> OT1/lmr/bx/it on input line 37.
LaTeX Font Info:    Overwriting math alphabet `\mathtt' in version `bold'
(Font)                  OT1/cmtt/m/n --> OT1/lmtt/m/n on input line 38.
) (/usr/local/texlive/2018/texmf-dist/tex/latex/base/fontenc.sty
Package: fontenc 2018/08/11 v2.0j Standard LaTeX package
 (/usr/local/texlive/2018/texmf-dist/tex/latex/base/t1enc.def
File: t1enc.def 2018/08/11 v2.0j Standard LaTeX file
LaTeX Font Info:    Redeclaring font encoding T1 on input line 48.
))
\binding=\skip48
\spinemargin=\skip49
\foremargin=\skip50
\uppermargin=\skip51
\lowermargin=\skip52
\headdrop=\skip53
\normalrulethickness=\skip54
\mem@maxheadheight=\skip55
\mem@maxfootheight=\skip56
\headwidth=\skip57
\c@storedpagenumber=\count84
\memPD=\dimen102
\m@mabparskip=\skip58
\thanksmarkwidth=\skip59
\thanksmarksep=\skip60
\droptitle=\skip61
\c@book=\count85
\c@part=\count86
\c@chapter=\count87
\c@section=\count88
\c@subsection=\count89
\c@subsubsection=\count90
\c@paragraph=\count91
\c@subparagraph=\count92
\beforechapskip=\skip62
\midchapskip=\skip63
\afterchapskip=\skip64
\chapindent=\skip65
\bottomsectionskip=\skip66
\secindent=\skip67
\beforesecskip=\skip68
\aftersecskip=\skip69
\subsecindent=\skip70
\beforesubsecskip=\skip71
\aftersubsecskip=\skip72
\subsubsecindent=\skip73
\beforesubsubsecskip=\skip74
\aftersubsubsecskip=\skip75
\paraindent=\skip76
\beforeparaskip=\skip77
\afterparaskip=\skip78
\subparaindent=\skip79
\beforesubparaskip=\skip80
\aftersubparaskip=\skip81
\pfbreakskip=\skip82
\c@@ppsavesec=\count93
\c@@ppsaveapp=\count94
\ragrparindent=\dimen103
\everylistparindent=\dimen104
\parsepi=\skip83
\topsepi=\skip84
\itemsepi=\skip85
\parsepii=\skip86
\topsepii=\skip87
\topsepiii=\skip88
\itemsepii=\skip89
\itemsepiii=\skip90
\partopsepii=\skip91
\partopsepiii=\skip92
\m@msavetopsep=\skip93
\m@msavepartopsep=\skip94
\@enLab=\toks14
\abstitleskip=\skip95
\absleftindent=\skip96
\abs@leftindent=\dimen105
\absrightindent=\skip97
\absparindent=\skip98
\absparsep=\skip99
\c@vslineno=\count95
\c@poemline=\count96
\c@modulo@vs=\count97
\c@memfvsline=\count98
\vleftskip=\skip100
\vrightskip=\skip101
\stanzaskip=\skip102
\versewidth=\skip103
\vgap=\skip104
\vindent=\skip105
\vleftmargin=\dimen106
\c@verse=\count99
\c@chrsinstr=\count100
\beforepoemtitleskip=\skip106
\afterpoemtitleskip=\skip107
\c@poem=\count101
\beforePoemTitleskip=\skip108
\midPoemTitleskip=\skip109
\afterPoemTitleskip=\skip110
 (/usr/local/texlive/2018/texmf-dist/tex/latex/tools/array.sty
Package: array 2018/12/30 v2.4k Tabular extension package (FMi)
\col@sep=\dimen107
\ar@mcellbox=\box27
\extrarowheight=\dimen108
\NC@list=\toks15
\extratabsurround=\skip111
\backup@length=\skip112
\ar@cellbox=\box28
) (/usr/local/texlive/2018/texmf-dist/tex/latex/tools/dcolumn.sty
Package: dcolumn 2014/10/28 v1.06 decimal alignment package (DPC)
) (/usr/local/texlive/2018/texmf-dist/tex/latex/tools/delarray.sty
Package: delarray 2014/10/28 v1.01 array delimiter package (DPC)
) (/usr/local/texlive/2018/texmf-dist/tex/latex/tools/tabularx.sty
Package: tabularx 2016/02/03 v2.11b `tabularx' package (DPC)
\TX@col@width=\dimen109
\TX@old@table=\dimen110
\TX@old@col=\dimen111
\TX@target=\dimen112
\TX@delta=\dimen113
\TX@cols=\count102
\TX@ftn=\toks16
)
\heavyrulewidth=\dimen114
\lightrulewidth=\dimen115
\cmidrulewidth=\dimen116
\belowrulesep=\dimen117
\belowbottomsep=\dimen118
\aboverulesep=\dimen119
\abovetopsep=\dimen120
\cmidrulesep=\dimen121
\cmidrulekern=\dimen122
\defaultaddspace=\dimen123
\@cmidla=\count103
\@cmidlb=\count104
\@aboverulesep=\dimen124
\@belowrulesep=\dimen125
\@thisruleclass=\count105
\@lastruleclass=\count106
\@thisrulewidth=\dimen126
\ctableftskip=\skip113
\ctabrightskip=\skip114
\abovecolumnspenalty=\count107
\@linestogo=\count108
\@cellstogo=\count109
\@cellsincolumn=\count110
\crtok=\toks17
\@mincolumnwidth=\dimen127
\c@newflo@tctr=\count111
\mem@margin@floatbox=\box29
\@contcwidth=\skip115
\@contindw=\skip116
\abovecaptionskip=\skip117
\belowcaptionskip=\skip118
\subfloattopskip=\skip119
\subfloatcapskip=\skip120
\subfloatcaptopadj=\skip121
\subfloatbottomskip=\skip122
\subfloatlabelskip=\skip123
\subfloatcapmargin=\dimen128
\c@@contsubnum=\count112
\m@mscap@capbox=\box30
\m@mscap@fbox=\box31
\sidecapsep=\dimen129
\sidecapwidth=\dimen130
\m@m@tempdima=\dimen131
\m@mscapraise=\dimen132
\sidecapraise=\dimen133
\m@mscapmainwidth=\dimen134
\m@mscaplkern=\dimen135
\beforeepigraphskip=\skip124
\afterepigraphskip=\skip125
\epigraphwidth=\skip126
\epigraphrule=\skip127
LaTeX Info: Redefining \em on input line 7592.
LaTeX Info: Redefining \emph on input line 7600.
\tocentryskip=\skip128
\tocbaseline=\skip129
\cftparskip=\skip130
\cftbeforebookskip=\skip131
\cftbookindent=\dimen136
\cftbooknumwidth=\dimen137
\cftbeforepartskip=\skip132
\cftpartindent=\skip133
\cftpartnumwidth=\skip134
\cftbeforechapterskip=\skip135
\cftchapterindent=\skip136
\cftchapternumwidth=\skip137
\cftbeforesectionskip=\skip138
\cftsectionindent=\skip139
\cftsectionnumwidth=\skip140
\cftbeforesubsectionskip=\skip141
\cftsubsectionindent=\skip142
\cftsubsectionnumwidth=\skip143
\cftbeforesubsubsectionskip=\skip144
\cftsubsubsectionindent=\skip145
\cftsubsubsectionnumwidth=\skip146
\cftbeforeparagraphskip=\skip147
\cftparagraphindent=\skip148
\cftparagraphnumwidth=\skip149
\cftbeforesubparagraphskip=\skip150
\cftsubparagraphindent=\skip151
\cftsubparagraphnumwidth=\skip152
\prechapterprecisshift=\dimen138
\c@maxsecnumdepth=\count113
\bibindent=\dimen139
\bibitemsep=\skip153
\indexcolsep=\skip154
\indexrule=\skip155
\indexmarkstyle=\toks18
\@indexbox=\insert199
\glossarycolsep=\dimen140
\glossaryrule=\dimen141
\sideparvshift=\skip156
\sideins=\insert198
\sidebartopsep=\skip157
\sidebarhsep=\skip158
\sidebarvsep=\skip159
\sidebarwidth=\skip160
\footmarkwidth=\skip161
\footmarksep=\skip162
\footparindent=\skip163
\footinsdim=\skip164
\footinsv@r=\insert197
\@mpfootinsv@r=\insert196
\m@m@k=\count114
\m@m@h=\dimen142
\m@mipn@skip=\skip165
\sidefootins=\insert195
\sidefootadjust=\skip166
\sidefootheight=\skip167
\sidefoothsep=\skip168
\sidefootvsep=\skip169
\sidefootwidth=\skip170
\m@mdownsf=\skip171
\c@sidefootnote=\count115
\sidefootmarkwidth=\skip172
\sidefootmarksep=\skip173
\sidefootparindent=\skip174
\c@pagenote=\count116
\c@pagenoteshadow=\count117
\mem@pn@lastkern=\skip175
\every@verbatim=\toks19
\afterevery@verbatim=\toks20
\verbatim@line=\toks21
\tab@position=\count118
\verbatim@in@stream=\read1
\verbatimindent=\skip176
\verbatim@out=\write3
\bvboxsep=\skip177
\c@memfbvline=\count119
\c@bvlinectr=\count120
\bvnumlength=\skip178
\fb@frw=\dimen143
\fb@frh=\dimen144
\FrameRule=\dimen145
\FrameSep=\dimen146
\c@cp@cntr=\count121
LaTeX Info: Redefining \: on input line 12114.
LaTeX Info: Redefining \! on input line 12116.
\c@ism@mctr=\count122
\c@xsm@mctr=\count123
\c@csm@mctr=\count124
\c@ksm@mctr=\count125
\c@xksm@mctr=\count126
\c@cksm@mctr=\count127
\c@msm@mctr=\count128
\c@xmsm@mctr=\count129
\c@cmsm@mctr=\count130
\c@bsm@mctr=\count131
\c@workm@mctr=\count132
\c@sheetsequence=\count133
\c@lastsheet=\count134
\c@lastpage=\count135
\c@figure=\count136
\c@lofdepth=\count137
\cftbeforefigureskip=\skip179
\cftfigureindent=\skip180
\cftfigurenumwidth=\skip181
\c@table=\count138
\c@lotdepth=\count139
\cftbeforetableskip=\skip182
\cfttableindent=\skip183
\cfttablenumwidth=\skip184
Package abstract [2008/07/23] emulated by memoir.
Package appendix [2008/07/23] emulated by memoir.
Package booktabs [2016/05/16] emulated by memoir.
Package ccaption [2008/07/23] emulated by memoir.
Package changepage [2008/07/23] emulated by memoir.
Package chngcntr [2008/07/23] emulated by memoir.
Package chngpage [2008/07/23] emulated by memoir.
Package crop emulated by memoir.
Package enumerate [2008/07/23] emulated by memoir.
Package epigraph [2008/07/23] emulated by memoir.
Package ifmtarg [2008/07/23] emulated by memoir.
Package index [2008/07/23] emulated by memoir.
Package makeidx [2008/07/23] emulated by memoir.
Package moreverb [2008/07/23] emulated by memoir.
Package mparhack [2008/07/23] emulated by memoir.
Package needspace [2008/07/23] emulated by memoir.
Package newfile [2008/07/23] emulated by memoir.
Package nextpage [2008/07/23] emulated by memoir.
Package pagenote [2008/07/23] emulated by memoir.
Package parskip [2008/07/23] emulated by memoir.
Package patchcmd [2008/07/23] emulated by memoir.
Package setspace [2008/07/23] emulated by memoir.
Package shortvrb [2008/07/23] emulated by memoir.
Package showidx [2008/07/23] emulated by memoir.
Package titleref [2008/07/23] emulated by memoir.
Package titling [2008/07/23] emulated by memoir.
Package tocbibind [2008/07/23] emulated by memoir.
Package tocloft [2008/07/23] emulated by memoir.
Package tocvsec2 [2008/07/23] emulated by memoir.
Package verbatim [2008/07/23] emulated by memoir.
Package verse [2008/07/23] emulated by memoir.
)

******************************************************
Stock height and width: 711.3189pt by 500.7685pt
Top and edge trims: 0pt and 0pt
Page height and width: 711.3189pt by 500.7685pt
Text height and width: 526pt by 369pt
Spine and edge margins: 73.97716pt and 56.9055pt
Upper and lower margins: 99.58464pt and 85.73425pt
Headheight and headsep: 22.76219pt and 19.91692pt
Footskip: 28.45274pt
Columnsep and columnseprule: 10pt and 0pt
Marginparsep and marginparwidth: 5.69054pt and 45.52443pt
Sidecapsep and sidecapwidth: 7pt and 59pt
Sidebarhsep and sidebarwidth: 7pt and 59pt
Sidebarvsep and sidebartopsep: 12pt and 0pt
Sidebarheight: 464.39996pt
Sidefoothsep and sidefootwidth: 7pt and 59pt
Sidefootvsep and sidefootheight: 12pt and 464.39996pt
******************************************************

(/usr/local/texlive/2018/texmf-dist/tex/latex/microtype/microtype.sty
Package: microtype 2018/01/14 v2.7a Micro-typographical refinements (RS)
 (/usr/local/texlive/2018/texmf-dist/tex/latex/graphics/keyval.sty
Package: keyval 2014/10/28 v1.15 key=value parser (DPC)
\KV@toks@=\toks22
)
\MT@toks=\toks23
\MT@count=\count140
LaTeX Info: Redefining \textls on input line 793.
\MT@outer@kern=\dimen147
LaTeX Info: Redefining \textmicrotypecontext on input line 1339.
\MT@listname@count=\count141
 (/usr/local/texlive/2018/texmf-dist/tex/latex/microtype/microtype-xetex.def
File: microtype-xetex.def 2018/01/14 v2.7a Definitions specific to xetex (RS)
LaTeX Info: Redefining \lsstyle on input line 256.
)
Package microtype Info: Loading configuration file microtype.cfg.
 (/usr/local/texlive/2018/texmf-dist/tex/latex/microtype/microtype.cfg
File: microtype.cfg 2018/01/14 v2.7a microtype main configuration file (RS)
)) (/usr/local/texlive/2018/texmf-dist/tex/latex/mathtools/mathtools.sty
Package: mathtools 2018/01/08 v1.21 mathematical typesetting tools
 (/usr/local/texlive/2018/texmf-dist/tex/latex/tools/calc.sty
Package: calc 2017/05/25 v4.3 Infix arithmetic (KKT,FJ)
\calc@Acount=\count142
\calc@Bcount=\count143
\calc@Adimen=\dimen148
\calc@Bdimen=\dimen149
\calc@Askip=\skip185
\calc@Bskip=\skip186
LaTeX Info: Redefining \setlength on input line 80.
LaTeX Info: Redefining \addtolength on input line 81.
\calc@Ccount=\count144
\calc@Cskip=\skip187
) (/usr/local/texlive/2018/texmf-dist/tex/latex/mathtools/mhsetup.sty
Package: mhsetup 2017/03/31 v1.3 programming setup (MH)
) (/usr/local/texlive/2018/texmf-dist/tex/latex/amsmath/amsmath.sty
Package: amsmath 2018/12/01 v2.17b AMS math features
\@mathmargin=\skip188

For additional information on amsmath, use the `?' option.
(/usr/local/texlive/2018/texmf-dist/tex/latex/amsmath/amstext.sty
Package: amstext 2000/06/29 v2.01 AMS text
 (/usr/local/texlive/2018/texmf-dist/tex/latex/amsmath/amsgen.sty
File: amsgen.sty 1999/11/30 v2.0 generic functions
\@emptytoks=\toks24
\ex@=\dimen150
)) (/usr/local/texlive/2018/texmf-dist/tex/latex/amsmath/amsbsy.sty
Package: amsbsy 1999/11/29 v1.2d Bold Symbols
\pmbraise@=\dimen151
) (/usr/local/texlive/2018/texmf-dist/tex/latex/amsmath/amsopn.sty
Package: amsopn 2016/03/08 v2.02 operator names
)
\inf@bad=\count145
LaTeX Info: Redefining \frac on input line 223.
\uproot@=\count146
\leftroot@=\count147
LaTeX Info: Redefining \overline on input line 385.
\classnum@=\count148
\DOTSCASE@=\count149
LaTeX Info: Redefining \ldots on input line 482.
LaTeX Info: Redefining \dots on input line 485.
LaTeX Info: Redefining \cdots on input line 606.
\Mathstrutbox@=\box32
\strutbox@=\box33
\big@size=\dimen152
LaTeX Font Info:    Redeclaring font encoding OML on input line 729.
LaTeX Font Info:    Redeclaring font encoding OMS on input line 730.
\macc@depth=\count150
\c@MaxMatrixCols=\count151
\dotsspace@=\muskip10
\c@parentequation=\count152
\dspbrk@lvl=\count153
\tag@help=\toks25
\row@=\count154
\column@=\count155
\maxfields@=\count156
\andhelp@=\toks26
\eqnshift@=\dimen153
\alignsep@=\dimen154
\tagshift@=\dimen155
\tagwidth@=\dimen156
\totwidth@=\dimen157
\lineht@=\dimen158
\@envbody=\toks27
\multlinegap=\skip189
\multlinetaggap=\skip190
\mathdisplay@stack=\toks28
LaTeX Info: Redefining \[ on input line 2844.
LaTeX Info: Redefining \] on input line 2845.
)
LaTeX Info: Thecontrolsequence`\('isalreadyrobust on input line 129.
LaTeX Info: Thecontrolsequence`\)'isalreadyrobust on input line 129.
LaTeX Info: Thecontrolsequence`\['isalreadyrobust on input line 129.
LaTeX Info: Thecontrolsequence`\]'isalreadyrobust on input line 129.
\g_MT_multlinerow_int=\count157
\l_MT_multwidth_dim=\dimen159
\origjot=\skip191
\l_MT_shortvdotswithinadjustabove_dim=\dimen160
\l_MT_shortvdotswithinadjustbelow_dim=\dimen161
\l_MT_above_intertext_sep=\dimen162
\l_MT_below_intertext_sep=\dimen163
\l_MT_above_shortintertext_sep=\dimen164
\l_MT_below_shortintertext_sep=\dimen165
) (/usr/local/texlive/2018/texmf-dist/tex/latex/listings/listings.sty
\lst@mode=\count158
\lst@gtempboxa=\box34
\lst@token=\toks29
\lst@length=\count159
\lst@currlwidth=\dimen166
\lst@column=\count160
\lst@pos=\count161
\lst@lostspace=\dimen167
\lst@width=\dimen168
\lst@newlines=\count162
\lst@lineno=\count163
\lst@maxwidth=\dimen169
 (/usr/local/texlive/2018/texmf-dist/tex/latex/listings/lstmisc.sty
File: lstmisc.sty 2018/09/02 1.7 (Carsten Heinz)
\c@lstnumber=\count164
\lst@skipnumbers=\count165
\lst@framebox=\box35
) (/usr/local/texlive/2018/texmf-dist/tex/latex/listings/listings.cfg
File: listings.cfg 2018/09/02 1.7 listings configuration
))
Package: listings 2018/09/02 1.7 (Carsten Heinz)
 (/usr/local/texlive/2018/texmf-dist/tex/latex/pgf/frontendlayer/tikz.sty (/usr/local/texlive/2018/texmf-dist/tex/latex/pgf/basiclayer/pgf.sty (/usr/local/texlive/2018/texmf-dist/tex/latex/pgf/utilities/pgfrcs.sty (/usr/local/texlive/2018/texmf-dist/tex/generic/pgf/utilities/pgfutil-common.tex
\pgfutil@everybye=\toks30
\pgfutil@tempdima=\dimen170
\pgfutil@tempdimb=\dimen171
 (/usr/local/texlive/2018/texmf-dist/tex/generic/pgf/utilities/pgfutil-common-lists.tex)) (/usr/local/texlive/2018/texmf-dist/tex/generic/pgf/utilities/pgfutil-latex.def
\pgfutil@abb=\box36
 (/usr/local/texlive/2018/texmf-dist/tex/latex/ms/everyshi.sty
Package: everyshi 2001/05/15 v3.00 EveryShipout Package (MS)
)) (/usr/local/texlive/2018/texmf-dist/tex/generic/pgf/utilities/pgfrcs.code.tex (/usr/local/texlive/2018/texmf-dist/tex/generic/pgf/pgf.revision.tex)
Package: pgfrcs 2019/02/02 v3.1.1 (3.1.1)
))
Package: pgf 2019/02/02 v3.1.1 (3.1.1)
 (/usr/local/texlive/2018/texmf-dist/tex/latex/pgf/basiclayer/pgfcore.sty (/usr/local/texlive/2018/texmf-dist/tex/latex/graphics/graphicx.sty
Package: graphicx 2017/06/01 v1.1a Enhanced LaTeX Graphics (DPC,SPQR)
 (/usr/local/texlive/2018/texmf-dist/tex/latex/graphics/graphics.sty
Package: graphics 2017/06/25 v1.2c Standard LaTeX Graphics (DPC,SPQR)
 (/usr/local/texlive/2018/texmf-dist/tex/latex/graphics/trig.sty
Package: trig 2016/01/03 v1.10 sin cos tan (DPC)
) (/usr/local/texlive/2018/texmf-dist/tex/latex/graphics-cfg/graphics.cfg
File: graphics.cfg 2016/06/04 v1.11 sample graphics configuration
)
Package graphics Info: Driver file: xetex.def on input line 99.
 (/usr/local/texlive/2018/texmf-dist/tex/latex/graphics-def/xetex.def
File: xetex.def 2017/06/24 v5.0h Graphics/color driver for xetex
))
\Gin@req@height=\dimen172
\Gin@req@width=\dimen173
) (/usr/local/texlive/2018/texmf-dist/tex/latex/pgf/systemlayer/pgfsys.sty (/usr/local/texlive/2018/texmf-dist/tex/generic/pgf/systemlayer/pgfsys.code.tex
Package: pgfsys 2019/02/02 v3.1.1 (3.1.1)
 (/usr/local/texlive/2018/texmf-dist/tex/generic/pgf/utilities/pgfkeys.code.tex
\pgfkeys@pathtoks=\toks31
\pgfkeys@temptoks=\toks32
 (/usr/local/texlive/2018/texmf-dist/tex/generic/pgf/utilities/pgfkeysfiltered.code.tex
\pgfkeys@tmptoks=\toks33
))
\pgf@x=\dimen174
\pgf@y=\dimen175
\pgf@xa=\dimen176
\pgf@ya=\dimen177
\pgf@xb=\dimen178
\pgf@yb=\dimen179
\pgf@xc=\dimen180
\pgf@yc=\dimen181
\w@pgf@writea=\write4
\r@pgf@reada=\read2
\c@pgf@counta=\count166
\c@pgf@countb=\count167
\c@pgf@countc=\count168
\c@pgf@countd=\count169
\t@pgf@toka=\toks34
\t@pgf@tokb=\toks35
\t@pgf@tokc=\toks36
\pgf@sys@id@count=\count170
 (/usr/local/texlive/2018/texmf-dist/tex/generic/pgf/systemlayer/pgf.cfg
File: pgf.cfg 2019/02/02 v3.1.1 (3.1.1)
)
Driver file for pgf: pgfsys-xetex.def
 (/usr/local/texlive/2018/texmf-dist/tex/generic/pgf/systemlayer/pgfsys-xetex.def
File: pgfsys-xetex.def 2019/02/02 v3.1.1 (3.1.1)
 (/usr/local/texlive/2018/texmf-dist/tex/generic/pgf/systemlayer/pgfsys-dvipdfmx.def
File: pgfsys-dvipdfmx.def 2019/02/02 v3.1.1 (3.1.1)
 (/usr/local/texlive/2018/texmf-dist/tex/generic/pgf/systemlayer/pgfsys-common-pdf.def
File: pgfsys-common-pdf.def 2019/02/02 v3.1.1 (3.1.1)
)
\pgfsys@objnum=\count171
))) (/usr/local/texlive/2018/texmf-dist/tex/generic/pgf/systemlayer/pgfsyssoftpath.code.tex
File: pgfsyssoftpath.code.tex 2019/02/02 v3.1.1 (3.1.1)
\pgfsyssoftpath@smallbuffer@items=\count172
\pgfsyssoftpath@bigbuffer@items=\count173
) (/usr/local/texlive/2018/texmf-dist/tex/generic/pgf/systemlayer/pgfsysprotocol.code.tex
File: pgfsysprotocol.code.tex 2019/02/02 v3.1.1 (3.1.1)
)) (/usr/local/texlive/2018/texmf-dist/tex/latex/xcolor/xcolor.sty
Package: xcolor 2016/05/11 v2.12 LaTeX color extensions (UK)
 (/usr/local/texlive/2018/texmf-dist/tex/latex/graphics-cfg/color.cfg
File: color.cfg 2016/01/02 v1.6 sample color configuration
)
Package xcolor Info: Driver file: xetex.def on input line 225.
Package xcolor Info: Model `cmy' substituted by `cmy0' on input line 1348.
Package xcolor Info: Model `RGB' extended on input line 1364.
Package xcolor Info: Model `HTML' substituted by `rgb' on input line 1366.
Package xcolor Info: Model `Hsb' substituted by `hsb' on input line 1367.
Package xcolor Info: Model `tHsb' substituted by `hsb' on input line 1368.
Package xcolor Info: Model `HSB' substituted by `hsb' on input line 1369.
Package xcolor Info: Model `Gray' substituted by `gray' on input line 1370.
Package xcolor Info: Model `wave' substituted by `hsb' on input line 1371.
) (/usr/local/texlive/2018/texmf-dist/tex/generic/pgf/basiclayer/pgfcore.code.tex
Package: pgfcore 2019/02/02 v3.1.1 (3.1.1)
 (/usr/local/texlive/2018/texmf-dist/tex/generic/pgf/math/pgfmath.code.tex (/usr/local/texlive/2018/texmf-dist/tex/generic/pgf/math/pgfmathcalc.code.tex (/usr/local/texlive/2018/texmf-dist/tex/generic/pgf/math/pgfmathutil.code.tex) (/usr/local/texlive/2018/texmf-dist/tex/generic/pgf/math/pgfmathparser.code.tex
\pgfmath@dimen=\dimen182
\pgfmath@count=\count174
\pgfmath@box=\box37
\pgfmath@toks=\toks37
\pgfmath@stack@operand=\toks38
\pgfmath@stack@operation=\toks39
) (/usr/local/texlive/2018/texmf-dist/tex/generic/pgf/math/pgfmathfunctions.code.tex (/usr/local/texlive/2018/texmf-dist/tex/generic/pgf/math/pgfmathfunctions.basic.code.tex) (/usr/local/texlive/2018/texmf-dist/tex/generic/pgf/math/pgfmathfunctions.trigonometric.code.tex) (/usr/local/texlive/2018/texmf-dist/tex/generic/pgf/math/pgfmathfunctions.random.code.tex) (/usr/local/texlive/2018/texmf-dist/tex/generic/pgf/math/pgfmathfunctions.comparison.code.tex) (/usr/local/texlive/2018/texmf-dist/tex/generic/pgf/math/pgfmathfunctions.base.code.tex) (/usr/local/texlive/2018/texmf-dist/tex/generic/pgf/math/pgfmathfunctions.round.code.tex) (/usr/local/texlive/2018/texmf-dist/tex/generic/pgf/math/pgfmathfunctions.misc.code.tex) (/usr/local/texlive/2018/texmf-dist/tex/generic/pgf/math/pgfmathfunctions.integerarithmetics.code.tex))) (/usr/local/texlive/2018/texmf-dist/tex/generic/pgf/math/pgfmathfloat.code.tex
\c@pgfmathroundto@lastzeros=\count175
)) (/usr/local/texlive/2018/texmf-dist/tex/generic/pgf/basiclayer/pgfcorepoints.code.tex
File: pgfcorepoints.code.tex 2019/02/02 v3.1.1 (3.1.1)
\pgf@picminx=\dimen183
\pgf@picmaxx=\dimen184
\pgf@picminy=\dimen185
\pgf@picmaxy=\dimen186
\pgf@pathminx=\dimen187
\pgf@pathmaxx=\dimen188
\pgf@pathminy=\dimen189
\pgf@pathmaxy=\dimen190
\pgf@xx=\dimen191
\pgf@xy=\dimen192
\pgf@yx=\dimen193
\pgf@yy=\dimen194
\pgf@zx=\dimen256
\pgf@zy=\dimen257
) (/usr/local/texlive/2018/texmf-dist/tex/generic/pgf/basiclayer/pgfcorepathconstruct.code.tex
File: pgfcorepathconstruct.code.tex 2019/02/02 v3.1.1 (3.1.1)
\pgf@path@lastx=\dimen258
\pgf@path@lasty=\dimen259
) (/usr/local/texlive/2018/texmf-dist/tex/generic/pgf/basiclayer/pgfcorepathusage.code.tex
File: pgfcorepathusage.code.tex 2019/02/02 v3.1.1 (3.1.1)
\pgf@shorten@end@additional=\dimen260
\pgf@shorten@start@additional=\dimen261
) (/usr/local/texlive/2018/texmf-dist/tex/generic/pgf/basiclayer/pgfcorescopes.code.tex
File: pgfcorescopes.code.tex 2019/02/02 v3.1.1 (3.1.1)
\pgfpic=\box38
\pgf@hbox=\box39
\pgf@layerbox@main=\box40
\pgf@picture@serial@count=\count176
) (/usr/local/texlive/2018/texmf-dist/tex/generic/pgf/basiclayer/pgfcoregraphicstate.code.tex
File: pgfcoregraphicstate.code.tex 2019/02/02 v3.1.1 (3.1.1)
\pgflinewidth=\dimen262
) (/usr/local/texlive/2018/texmf-dist/tex/generic/pgf/basiclayer/pgfcoretransformations.code.tex
File: pgfcoretransformations.code.tex 2019/02/02 v3.1.1 (3.1.1)
\pgf@pt@x=\dimen263
\pgf@pt@y=\dimen264
\pgf@pt@temp=\dimen265
) (/usr/local/texlive/2018/texmf-dist/tex/generic/pgf/basiclayer/pgfcorequick.code.tex
File: pgfcorequick.code.tex 2019/02/02 v3.1.1 (3.1.1)
) (/usr/local/texlive/2018/texmf-dist/tex/generic/pgf/basiclayer/pgfcoreobjects.code.tex
File: pgfcoreobjects.code.tex 2019/02/02 v3.1.1 (3.1.1)
) (/usr/local/texlive/2018/texmf-dist/tex/generic/pgf/basiclayer/pgfcorepathprocessing.code.tex
File: pgfcorepathprocessing.code.tex 2019/02/02 v3.1.1 (3.1.1)
) (/usr/local/texlive/2018/texmf-dist/tex/generic/pgf/basiclayer/pgfcorearrows.code.tex
File: pgfcorearrows.code.tex 2019/02/02 v3.1.1 (3.1.1)
\pgfarrowsep=\dimen266
) (/usr/local/texlive/2018/texmf-dist/tex/generic/pgf/basiclayer/pgfcoreshade.code.tex
File: pgfcoreshade.code.tex 2019/02/02 v3.1.1 (3.1.1)
\pgf@max=\dimen267
\pgf@sys@shading@range@num=\count177
) (/usr/local/texlive/2018/texmf-dist/tex/generic/pgf/basiclayer/pgfcoreimage.code.tex
File: pgfcoreimage.code.tex 2019/02/02 v3.1.1 (3.1.1)
 (/usr/local/texlive/2018/texmf-dist/tex/generic/pgf/basiclayer/pgfcoreexternal.code.tex
File: pgfcoreexternal.code.tex 2019/02/02 v3.1.1 (3.1.1)
\pgfexternal@startupbox=\box41
)) (/usr/local/texlive/2018/texmf-dist/tex/generic/pgf/basiclayer/pgfcorelayers.code.tex
File: pgfcorelayers.code.tex 2019/02/02 v3.1.1 (3.1.1)
) (/usr/local/texlive/2018/texmf-dist/tex/generic/pgf/basiclayer/pgfcoretransparency.code.tex
File: pgfcoretransparency.code.tex 2019/02/02 v3.1.1 (3.1.1)
) (/usr/local/texlive/2018/texmf-dist/tex/generic/pgf/basiclayer/pgfcorepatterns.code.tex
File: pgfcorepatterns.code.tex 2019/02/02 v3.1.1 (3.1.1)
) (/usr/local/texlive/2018/texmf-dist/tex/generic/pgf/basiclayer/pgfcorerdf.code.tex
File: pgfcorerdf.code.tex 2019/02/02 v3.1.1 (3.1.1)
))) (/usr/local/texlive/2018/texmf-dist/tex/generic/pgf/modules/pgfmoduleshapes.code.tex
File: pgfmoduleshapes.code.tex 2019/02/02 v3.1.1 (3.1.1)
\pgfnodeparttextbox=\box42
) (/usr/local/texlive/2018/texmf-dist/tex/generic/pgf/modules/pgfmoduleplot.code.tex
File: pgfmoduleplot.code.tex 2019/02/02 v3.1.1 (3.1.1)
) (/usr/local/texlive/2018/texmf-dist/tex/latex/pgf/compatibility/pgfcomp-version-0-65.sty
Package: pgfcomp-version-0-65 2019/02/02 v3.1.1 (3.1.1)
\pgf@nodesepstart=\dimen268
\pgf@nodesepend=\dimen269
) (/usr/local/texlive/2018/texmf-dist/tex/latex/pgf/compatibility/pgfcomp-version-1-18.sty
Package: pgfcomp-version-1-18 2019/02/02 v3.1.1 (3.1.1)
)) (/usr/local/texlive/2018/texmf-dist/tex/latex/pgf/utilities/pgffor.sty (/usr/local/texlive/2018/texmf-dist/tex/latex/pgf/utilities/pgfkeys.sty (/usr/local/texlive/2018/texmf-dist/tex/generic/pgf/utilities/pgfkeys.code.tex)) (/usr/local/texlive/2018/texmf-dist/tex/latex/pgf/math/pgfmath.sty (/usr/local/texlive/2018/texmf-dist/tex/generic/pgf/math/pgfmath.code.tex)) (/usr/local/texlive/2018/texmf-dist/tex/generic/pgf/utilities/pgffor.code.tex
Package: pgffor 2019/02/02 v3.1.1 (3.1.1)
 (/usr/local/texlive/2018/texmf-dist/tex/generic/pgf/math/pgfmath.code.tex)
\pgffor@iter=\dimen270
\pgffor@skip=\dimen271
\pgffor@stack=\toks40
\pgffor@toks=\toks41
)) (/usr/local/texlive/2018/texmf-dist/tex/generic/pgf/frontendlayer/tikz/tikz.code.tex
Package: tikz 2019/02/02 v3.1.1 (3.1.1)
 (/usr/local/texlive/2018/texmf-dist/tex/generic/pgf/libraries/pgflibraryplothandlers.code.tex
File: pgflibraryplothandlers.code.tex 2019/02/02 v3.1.1 (3.1.1)
\pgf@plot@mark@count=\count178
\pgfplotmarksize=\dimen272
)
\tikz@lastx=\dimen273
\tikz@lasty=\dimen274
\tikz@lastxsaved=\dimen275
\tikz@lastysaved=\dimen276
\tikzleveldistance=\dimen277
\tikzsiblingdistance=\dimen278
\tikz@figbox=\box43
\tikz@figbox@bg=\box44
\tikz@tempbox=\box45
\tikz@tempbox@bg=\box46
\tikztreelevel=\count179
\tikznumberofchildren=\count180
\tikznumberofcurrentchild=\count181
\tikz@fig@count=\count182
 (/usr/local/texlive/2018/texmf-dist/tex/generic/pgf/modules/pgfmodulematrix.code.tex
File: pgfmodulematrix.code.tex 2019/02/02 v3.1.1 (3.1.1)
\pgfmatrixcurrentrow=\count183
\pgfmatrixcurrentcolumn=\count184
\pgf@matrix@numberofcolumns=\count185
)
\tikz@expandcount=\count186
 (/usr/local/texlive/2018/texmf-dist/tex/generic/pgf/frontendlayer/tikz/libraries/tikzlibrarytopaths.code.tex
File: tikzlibrarytopaths.code.tex 2019/02/02 v3.1.1 (3.1.1)
))) (/usr/local/texlive/2018/texmf-dist/tex/latex/arydshln/arydshln.sty
Package: arydshln 2019/02/21 v1.76 
\dashlinedash=\dimen279
\dashlinegap=\dimen280
\adl@box=\box47
\adl@height=\dimen281
\adl@heightsave=\dimen282
\adl@depth=\dimen283
\adl@depthsave=\dimen284
\adl@finaldepth=\dimen285
\adl@columns=\count187
\adl@ncol=\count188
\adl@currentcolumn=\count189
\adl@currentcolumnsave=\count190
\adl@totalheight=\count191
\adl@totalheightsave=\count192
\adl@dash=\count193
\adl@gap=\count194
\adl@cla=\count266
\adl@clb=\count267
\adl@everyvbox=\toks42
\adl@LTpagetotal=\dimen286
) (/usr/local/texlive/2018/texmf-dist/tex/latex/tools/multicol.sty
Package: multicol 2018/12/27 v1.8v multicolumn formatting (FMi)
\c@tracingmulticols=\count268
\mult@box=\box48
\multicol@leftmargin=\dimen287
\c@unbalance=\count269
\c@collectmore=\count270
\doublecol@number=\count271
\multicoltolerance=\count272
\multicolpretolerance=\count273
\full@width=\dimen288
\page@free=\dimen289
\premulticols=\dimen290
\postmulticols=\dimen291
\multicolsep=\skip192
\multicolbaselineskip=\skip193
\partial@page=\box49
\last@line=\box50
\maxbalancingoverflow=\dimen292
\mult@rightbox=\box51
\mult@grightbox=\box52
\mult@gfirstbox=\box53
\mult@firstbox=\box54
\@tempa=\box55
\@tempa=\box56
\@tempa=\box57
\@tempa=\box58
\@tempa=\box59
\@tempa=\box60
\@tempa=\box61
\@tempa=\box62
\@tempa=\box63
\@tempa=\box64
\@tempa=\box65
\@tempa=\box66
\@tempa=\box67
\@tempa=\box68
\@tempa=\box69
\@tempa=\box70
\@tempa=\box71
\c@columnbadness=\count274
\c@finalcolumnbadness=\count275
\last@try=\dimen293
\multicolovershoot=\dimen294
\multicolundershoot=\dimen295
\mult@nat@firstbox=\box72
\colbreak@box=\box73
\mc@col@check@num=\count276
) (/usr/local/texlive/2018/texmf-dist/tex/latex/was/gensymb.sty
Package: gensymb 2003/07/02 v1.0 (WaS)
) (/usr/local/texlive/2018/texmf-dist/tex/latex/tools/bm.sty
Package: bm 2017/01/16 v1.2c Bold Symbol Support (DPC/FMi)
\symboldoperators=\mathgroup4
\symboldletters=\mathgroup5
\symboldsymbols=\mathgroup6
LaTeX Font Info:    Redeclaring math alphabet \mathbf on input line 141.
LaTeX Info: Redefining \bm on input line 207.
) (/usr/local/texlive/2018/texmf-dist/tex/latex/url/url.sty
\Urlmuskip=\muskip11
Package: url 2013/09/16  ver 3.4  Verb mode for urls, etc.
) (/usr/local/texlive/2018/texmf-dist/tex/latex/hyperref/hyperref.sty
Package: hyperref 2018/11/30 v6.88e Hypertext links for LaTeX
 (/usr/local/texlive/2018/texmf-dist/tex/generic/oberdiek/hobsub-hyperref.sty
Package: hobsub-hyperref 2016/05/16 v1.14 Bundle oberdiek, subset hyperref (HO)
 (/usr/local/texlive/2018/texmf-dist/tex/generic/oberdiek/hobsub-generic.sty
Package: hobsub-generic 2016/05/16 v1.14 Bundle oberdiek, subset generic (HO)
Package: hobsub 2016/05/16 v1.14 Construct package bundles (HO)
Package: infwarerr 2016/05/16 v1.4 Providing info/warning/error messages (HO)
Package: ltxcmds 2016/05/16 v1.23 LaTeX kernel commands for general use (HO)
Package hobsub Info: Skipping package `ifluatex' (already loaded).
Package: ifvtex 2016/05/16 v1.6 Detect VTeX and its facilities (HO)
Package ifvtex Info: VTeX not detected.
Package: intcalc 2016/05/16 v1.2 Expandable calculations with integers (HO)
Package hobsub Info: Skipping package `ifpdf' (already loaded).
Package: etexcmds 2016/05/16 v1.6 Avoid name clashes with e-TeX commands (HO)
Package etexcmds Info: Could not find \expanded.
(etexcmds)             That can mean that you are not using pdfTeX 1.50 or
(etexcmds)             that some package has redefined \expanded.
(etexcmds)             In the latter case, load this package earlier.
Package: kvsetkeys 2016/05/16 v1.17 Key value parser (HO)
Package: kvdefinekeys 2016/05/16 v1.4 Define keys (HO)
Package: pdftexcmds 2018/09/10 v0.29 Utility functions of pdfTeX for LuaTeX (HO)
Package pdftexcmds Info: LuaTeX not detected.
Package pdftexcmds Info: pdfTeX >= 1.30 not detected.
Package pdftexcmds Info: \pdf@primitive is available.
Package pdftexcmds Info: \pdf@ifprimitive is available.
Package pdftexcmds Info: \pdfdraftmode not found.
Package: pdfescape 2016/05/16 v1.14 Implements pdfTeX's escape features (HO)
Package: bigintcalc 2016/05/16 v1.4 Expandable calculations on big integers (HO)
Package: bitset 2016/05/16 v1.2 Handle bit-vector datatype (HO)
Package: uniquecounter 2016/05/16 v1.3 Provide unlimited unique counter (HO)
)
Package hobsub Info: Skipping package `hobsub' (already loaded).
Package: letltxmacro 2016/05/16 v1.5 Let assignment for LaTeX macros (HO)
Package: hopatch 2016/05/16 v1.3 Wrapper for package hooks (HO)
Package: xcolor-patch 2016/05/16 xcolor patch
Package: atveryend 2016/05/16 v1.9 Hooks at the very end of document (HO)
Package atveryend Info: \enddocument detected (standard20110627).
Package: atbegshi 2016/06/09 v1.18 At begin shipout hook (HO)
Package atbegshi Info: Class `memoir' patched.
Package: refcount 2016/05/16 v3.5 Data extraction from label references (HO)
Package: hycolor 2016/05/16 v1.8 Color options for hyperref/bookmark (HO)
) (/usr/local/texlive/2018/texmf-dist/tex/latex/oberdiek/auxhook.sty
Package: auxhook 2016/05/16 v1.4 Hooks for auxiliary files (HO)
) (/usr/local/texlive/2018/texmf-dist/tex/latex/oberdiek/kvoptions.sty
Package: kvoptions 2016/05/16 v3.12 Key value format for package options (HO)
)
\@linkdim=\dimen296
\Hy@linkcounter=\count277
\Hy@pagecounter=\count278
 (/usr/local/texlive/2018/texmf-dist/tex/latex/hyperref/pd1enc.def
File: pd1enc.def 2018/11/30 v6.88e Hyperref: PDFDocEncoding definition (HO)
)
\Hy@SavedSpaceFactor=\count279
 (/usr/local/texlive/2018/texmf-dist/tex/latex/latexconfig/hyperref.cfg
File: hyperref.cfg 2002/06/06 v1.2 hyperref configuration of TeXLive
)
Package hyperref Info: Option `unicode' set `false' on input line 4393.
Package hyperref Info: Option `psdextra' set `true' on input line 4393.
Package hyperref Info: Hyper figures OFF on input line 4519.
Package hyperref Info: Link nesting OFF on input line 4524.
Package hyperref Info: Hyper index ON on input line 4527.
Package hyperref Info: Plain pages OFF on input line 4534.
Package hyperref Info: Backreferencing OFF on input line 4539.
Package hyperref Info: Implicit mode ON; LaTeX internals redefined.
Package hyperref Info: Bookmarks ON on input line 4772.
\c@Hy@tempcnt=\count280
LaTeX Info: Redefining \url on input line 5125.
\XeTeXLinkMargin=\dimen297
\Fld@menulength=\count281
\Field@Width=\dimen298
\Fld@charsize=\dimen299
Package hyperref Info: Hyper figures OFF on input line 6380.
Package hyperref Info: Link nesting OFF on input line 6385.
Package hyperref Info: Hyper index ON on input line 6388.
Package hyperref Info: backreferencing OFF on input line 6395.
Package hyperref Info: Link coloring OFF on input line 6400.
Package hyperref Info: Link coloring with OCG OFF on input line 6405.
Package hyperref Info: PDF/A mode OFF on input line 6410.
LaTeX Info: Redefining \ref on input line 6450.
LaTeX Info: Redefining \pageref on input line 6454.
\Hy@abspage=\count282
\c@Item=\count283
\c@Hfootnote=\count284
) (/usr/local/texlive/2018/texmf-dist/tex/latex/memoir/memhfixc.sty
Package: memhfixc 2013/05/30 v1.17 nameref/hyperref package fixes for memoir class
\c@memhycontfloat=\count285
\c@Hpagenote=\count286
)
Package hyperref Info: Driver (autodetected): hxetex.
 (/usr/local/texlive/2018/texmf-dist/tex/latex/hyperref/hxetex.def
File: hxetex.def 2018/11/30 v6.88e Hyperref driver for XeTeX
 (/usr/local/texlive/2018/texmf-dist/tex/latex/hyperref/puenc.def
File: puenc.def 2018/11/30 v6.88e Hyperref: PDF Unicode definition (HO)
) (/usr/local/texlive/2018/texmf-dist/tex/latex/hyperref/psdextra.def
File: psdextra.def 2018/11/30 v6.88e Hyperref: Additions to PDF string support
) (/usr/local/texlive/2018/texmf-dist/tex/generic/oberdiek/stringenc.sty
Package: stringenc 2016/05/16 v1.11 Convert strings between diff. encodings (HO)
)
\pdfm@box=\box74
\c@Hy@AnnotLevel=\count287
\HyField@AnnotCount=\count288
\Fld@listcount=\count289
\c@bookmark@seq@number=\count290
 (/usr/local/texlive/2018/texmf-dist/tex/latex/oberdiek/rerunfilecheck.sty
Package: rerunfilecheck 2016/05/16 v1.8 Rerun checks for auxiliary files (HO)
Package uniquecounter Info: New unique counter `rerunfilecheck' on input line 282.
)
\Hy@SectionHShift=\skip194
) (/usr/local/texlive/2018/texmf-dist/tex/latex/wrapfig/wrapfig.sty
\wrapoverhang=\dimen300
\WF@size=\dimen301
\c@WF@wrappedlines=\count291
\WF@box=\box75
\WF@everypar=\toks43
Package: wrapfig 2003/01/31  v 3.6
) (/usr/local/texlive/2018/texmf-dist/tex/latex/lipsum/lipsum.sty (/usr/local/texlive/2018/texmf-dist/tex/latex/l3kernel/expl3.sty
Package: expl3 2019-02-15 L3 programming layer (loader) 
 (/usr/local/texlive/2018/texmf-dist/tex/latex/l3kernel/expl3-code.tex
Package: expl3 2019-02-15 L3 programming layer (code)
\c_max_int=\count292
\l_tmpa_int=\count293
\l_tmpb_int=\count294
\g_tmpa_int=\count295
\g_tmpb_int=\count296
\g__kernel_prg_map_int=\count297
\c_log_iow=\count298
\l_iow_line_count_int=\count299
\l__iow_line_target_int=\count300
\l__iow_one_indent_int=\count301
\l__iow_indent_int=\count302
\c_zero_dim=\dimen302
\c_max_dim=\dimen303
\l_tmpa_dim=\dimen304
\l_tmpb_dim=\dimen305
\g_tmpa_dim=\dimen306
\g_tmpb_dim=\dimen307
\c_zero_skip=\skip256
\c_max_skip=\skip257
\l_tmpa_skip=\skip258
\l_tmpb_skip=\skip259
\g_tmpa_skip=\skip260
\g_tmpb_skip=\skip261
\c_zero_muskip=\muskip12
\c_max_muskip=\muskip13
\l_tmpa_muskip=\muskip14
\l_tmpb_muskip=\muskip15
\g_tmpa_muskip=\muskip16
\g_tmpb_muskip=\muskip17
\l_keys_choice_int=\count303
\l__intarray_loop_int=\count304
\c__intarray_sp_dim=\dimen308
\g__intarray_font_int=\count305
\c__fp_leading_shift_int=\count306
\c__fp_middle_shift_int=\count307
\c__fp_trailing_shift_int=\count308
\c__fp_big_leading_shift_int=\count309
\c__fp_big_middle_shift_int=\count310
\c__fp_big_trailing_shift_int=\count311
\c__fp_Bigg_leading_shift_int=\count312
\c__fp_Bigg_middle_shift_int=\count313
\c__fp_Bigg_trailing_shift_int=\count314
\g__fp_array_int=\count315
\l__fp_array_loop_int=\count316
\l__sort_length_int=\count317
\l__sort_min_int=\count318
\l__sort_top_int=\count319
\l__sort_max_int=\count320
\l__sort_true_max_int=\count321
\l__sort_block_int=\count322
\l__sort_begin_int=\count323
\l__sort_end_int=\count324
\l__sort_A_int=\count325
\l__sort_B_int=\count326
\l__sort_C_int=\count327
\l__tl_analysis_normal_int=\count328
\l__tl_analysis_index_int=\count329
\l__tl_analysis_nesting_int=\count330
\l__tl_analysis_type_int=\count331
\l__regex_internal_a_int=\count332
\l__regex_internal_b_int=\count333
\l__regex_internal_c_int=\count334
\l__regex_balance_int=\count335
\l__regex_group_level_int=\count336
\l__regex_mode_int=\count337
\c__regex_cs_in_class_mode_int=\count338
\c__regex_cs_mode_int=\count339
\l__regex_catcodes_int=\count340
\l__regex_default_catcodes_int=\count341
\c__regex_catcode_L_int=\count342
\c__regex_catcode_O_int=\count343
\c__regex_catcode_A_int=\count344
\c__regex_all_catcodes_int=\count345
\l__regex_show_lines_int=\count346
\l__regex_min_state_int=\count347
\l__regex_max_state_int=\count348
\l__regex_left_state_int=\count349
\l__regex_right_state_int=\count350
\l__regex_capturing_group_int=\count351
\l__regex_min_pos_int=\count352
\l__regex_max_pos_int=\count353
\l__regex_curr_pos_int=\count354
\l__regex_start_pos_int=\count355
\l__regex_success_pos_int=\count356
\l__regex_curr_char_int=\count357
\l__regex_curr_catcode_int=\count358
\l__regex_last_char_int=\count359
\l__regex_case_changed_char_int=\count360
\l__regex_curr_state_int=\count361
\l__regex_step_int=\count362
\l__regex_min_active_int=\count363
\l__regex_max_active_int=\count364
\l__regex_replacement_csnames_int=\count365
\l__regex_match_count_int=\count366
\l__regex_min_submatch_int=\count367
\l__regex_submatch_int=\count368
\l__regex_zeroth_submatch_int=\count369
\g__regex_trace_regex_int=\count370
\c_empty_box=\box76
\l_tmpa_box=\box77
\l_tmpb_box=\box78
\g_tmpa_box=\box79
\g_tmpb_box=\box80
\l__box_top_dim=\dimen309
\l__box_bottom_dim=\dimen310
\l__box_left_dim=\dimen311
\l__box_right_dim=\dimen312
\l__box_top_new_dim=\dimen313
\l__box_bottom_new_dim=\dimen314
\l__box_left_new_dim=\dimen315
\l__box_right_new_dim=\dimen316
\l__box_internal_box=\box81
\l__coffin_internal_box=\box82
\l__coffin_internal_dim=\dimen317
\l__coffin_offset_x_dim=\dimen318
\l__coffin_offset_y_dim=\dimen319
\l__coffin_x_dim=\dimen320
\l__coffin_y_dim=\dimen321
\l__coffin_x_prime_dim=\dimen322
\l__coffin_y_prime_dim=\dimen323
\c_empty_coffin=\box83
\l__coffin_aligned_coffin=\box84
\l__coffin_aligned_internal_coffin=\box85
\l_tmpa_coffin=\box86
\l_tmpb_coffin=\box87
\g_tmpa_coffin=\box88
\g_tmpb_coffin=\box89
\c__coffin_empty_coffin=\box90
\l__coffin_display_coffin=\box91
\l__coffin_display_coord_coffin=\box92
\l__coffin_display_pole_coffin=\box93
\l__coffin_display_offset_dim=\dimen324
\l__coffin_display_x_dim=\dimen325
\l__coffin_display_y_dim=\dimen326
\g__file_internal_ior=\read3
\l__coffin_bounding_shift_dim=\dimen327
\l__coffin_left_corner_dim=\dimen328
\l__coffin_right_corner_dim=\dimen329
\l__coffin_bottom_corner_dim=\dimen330
\l__coffin_top_corner_dim=\dimen331
\l__coffin_scaled_total_height_dim=\dimen332
\l__coffin_scaled_width_dim=\dimen333
) (/usr/local/texlive/2018/texmf-dist/tex/latex/l3kernel/l3xdvipdfmx.def
File: l3xdvipdfmx.def 2019-02-15 v L3 Experimental driver: xdvipdfmx
\g__driver_image_int=\count371
\g__driver_pdf_object_int=\count372
)) (/usr/local/texlive/2018/texmf-dist/tex/latex/l3packages/xparse/xparse.sty
Package: xparse 2018-10-17 L3 Experimental document command parser
\l__xparse_current_arg_int=\count373
\g__xparse_grabber_int=\count374
\l__xparse_m_args_int=\count375
\l__xparse_mandatory_args_int=\count376
\l__xparse_v_nesting_int=\count377
)
Package: lipsum 2019/01/02 v2.2 150 paragraphs of Lorem Ipsum dummy text
 (/usr/local/texlive/2018/texmf-dist/tex/latex/lipsum/lipsum.ltd.tex
File: lipsum.ltd.tex 2019/01/02 v2.2 The Lorem ipsum dummy text
))

Class memoir Warning: You are using the caption package with the memoir class. To prepare we will now reset all captioning macros and configurations to kernel defaults, and then let the caption package take over. Please remember to use
 the caption package interfaces in order to
 configure your captions.

(/usr/local/texlive/2018/texmf-dist/tex/latex/caption/caption.sty
Package: caption 2018/10/06 v3.3-154 Customizing captions (AR)
 (/usr/local/texlive/2018/texmf-dist/tex/latex/caption/caption3.sty
Package: caption3 2018/09/12 v1.8c caption3 kernel (AR)
Package caption3 Info: TeX engine: e-TeX on input line 64.
\captionmargin=\dimen334
\captionmargin@=\dimen335
\captionwidth=\dimen336
\caption@tempdima=\dimen337
\caption@indent=\dimen338
\caption@parindent=\dimen339
\caption@hangindent=\dimen340
)
\c@caption@flags=\count378
\c@ContinuedFloat=\count379
Package caption Info: hyperref package is loaded.
Package caption Info: listings package is loaded.
Package caption Info: wrapfig package is loaded.
) (/usr/local/texlive/2018/texmf-dist/tex/latex/eso-pic/eso-pic.sty
Package: eso-pic 2018/04/12 v2.0h eso-pic (RN)
) (/Users/IdaRiis/Dropbox/DTU/6. semester/Bachelorprojekt F19/Bachelor/latex/template/preamble/dtucolors.sty) (/usr/local/texlive/2018/texmf-dist/tex/latex/polyglossia/polyglossia.sty
Package: polyglossia 2018/04/07 v1.43 Alternative to Babel for XeLaTeX and LuaLaTeX
 (/usr/local/texlive/2018/texmf-dist/tex/latex/etoolbox/etoolbox.sty
Package: etoolbox 2018/08/19 v2.5f e-TeX tools for LaTeX (JAW)
\etb@tempcnta=\count380
) (/usr/local/texlive/2018/texmf-dist/tex/latex/makecmds/makecmds.sty
Package: makecmds 2009/09/03 v1.0a extra command making commands
) (/usr/local/texlive/2018/texmf-dist/tex/latex/xkeyval/xkeyval.sty
Package: xkeyval 2014/12/03 v2.7a package option processing (HA)
 (/usr/local/texlive/2018/texmf-dist/tex/generic/xkeyval/xkeyval.tex (/usr/local/texlive/2018/texmf-dist/tex/generic/xkeyval/xkvutils.tex
\XKV@toks=\toks44
\XKV@tempa@toks=\toks45
)
\XKV@depth=\count381
File: xkeyval.tex 2014/12/03 v2.7a key=value parser (HA)
)) (/usr/local/texlive/2018/texmf-dist/tex/latex/fontspec/fontspec.sty
Package: fontspec 2019/02/12 v2.7b Font selection for XeLaTeX and LuaLaTeX
 (/usr/local/texlive/2018/texmf-dist/tex/latex/fontspec/fontspec-xetex.sty
Package: fontspec-xetex 2019/02/12 v2.7b Font selection for XeLaTeX and LuaLaTeX
\l__fontspec_script_int=\count382
\l__fontspec_language_int=\count383
\l__fontspec_strnum_int=\count384
\l__fontspec_tmp_int=\count385
\l__fontspec_tmpa_int=\count386
\l__fontspec_tmpb_int=\count387
\l__fontspec_tmpc_int=\count388
\l__fontspec_em_int=\count389
\l__fontspec_emdef_int=\count390
\l__fontspec_strong_int=\count391
\l__fontspec_strongdef_int=\count392
\l__fontspec_tmpa_dim=\dimen341
\l__fontspec_tmpb_dim=\dimen342
\l__fontspec_tmpc_dim=\dimen343
 (/usr/local/texlive/2018/texmf-dist/tex/latex/base/fontenc.sty
Package: fontenc 2018/08/11 v2.0j Standard LaTeX package
 (/usr/local/texlive/2018/texmf-dist/tex/latex/base/tuenc.def
File: tuenc.def 2018/08/11 v2.0j Standard LaTeX file
LaTeX Font Info:    Redeclaring font encoding TU on input line 82.
)) (/usr/local/texlive/2018/texmf-dist/tex/latex/fontspec/fontspec.cfg)
LaTeX Info: Redefining \itshape on input line 4044.
LaTeX Info: Redefining \slshape on input line 4049.
LaTeX Info: Redefining \scshape on input line 4054.
LaTeX Info: Redefining \upshape on input line 4059.
LaTeX Info: Redefining \em on input line 4089.
LaTeX Info: Redefining \emph on input line 4114.
))
\xpg@normalclass=\XeTeXcharclass1
) (/usr/local/texlive/2018/texmf-dist/tex/latex/polyglossia/gloss-english.ldf
File: gloss-english.ldf polyglossia: module for english
)
Package polyglossia Info: Default language is english.
 (/usr/local/texlive/2018/texmf-dist/tex/latex/csquotes/csquotes.sty
Package: csquotes 2018/04/13 v5.2d context-sensitive quotations (JAW)
\csq@reset=\count393
\csq@gtype=\count394
\csq@glevel=\count395
\csq@qlevel=\count396
\csq@maxlvl=\count397
\csq@tshold=\count398
\csq@ltx@everypar=\toks46
 (/usr/local/texlive/2018/texmf-dist/tex/latex/csquotes/csquotes.def
File: csquotes.def 2018/04/13 v5.2d csquotes generic definitions (JAW)
)
Package csquotes Info: Trying to load configuration file 'csquotes.cfg'...
Package csquotes Info: ... configuration file loaded successfully.
 (/usr/local/texlive/2018/texmf-dist/tex/latex/csquotes/csquotes.cfg
File: csquotes.cfg 
)) (/usr/local/texlive/2018/texmf-dist/tex/latex/amsfonts/amssymb.sty
Package: amssymb 2013/01/14 v3.01 AMS font symbols
 (/usr/local/texlive/2018/texmf-dist/tex/latex/amsfonts/amsfonts.sty
Package: amsfonts 2013/01/14 v3.01 Basic AMSFonts support
\symAMSa=\mathgroup7
\symAMSb=\mathgroup8
LaTeX Font Info:    Overwriting math alphabet `\mathfrak' in version `bold'
(Font)                  U/euf/m/n --> U/euf/b/n on input line 106.
)) (/usr/local/texlive/2018/texmf-dist/tex/latex/biblatex/biblatex.sty
Package: biblatex 2018/11/02 v3.12 programmable bibliographies (PK/MW)
 (/usr/local/texlive/2018/texmf-dist/tex/latex/logreq/logreq.sty
Package: logreq 2010/08/04 v1.0 xml request logger
\lrq@indent=\count399
 (/usr/local/texlive/2018/texmf-dist/tex/latex/logreq/logreq.def
File: logreq.def 2010/08/04 v1.0 logreq spec v1.0
)) (/usr/local/texlive/2018/texmf-dist/tex/latex/base/ifthen.sty
Package: ifthen 2014/09/29 v1.1c Standard LaTeX ifthen package (DPC)
)
\c@tabx@nest=\count400
\c@listtotal=\count401
\c@listcount=\count402
\c@liststart=\count403
\c@liststop=\count404
\c@citecount=\count405
\c@citetotal=\count406
\c@multicitecount=\count407
\c@multicitetotal=\count408
\c@instcount=\count409
\c@maxnames=\count410
\c@minnames=\count411
\c@maxitems=\count412
\c@minitems=\count413
\c@citecounter=\count414
\c@maxcitecounter=\count415
\c@savedcitecounter=\count416
\c@uniquelist=\count417
\c@uniquename=\count418
\c@refsection=\count419
\c@refsegment=\count420
\c@maxextratitle=\count421
\c@maxextratitleyear=\count422
\c@maxextraname=\count423
\c@maxextradate=\count424
\c@maxextraalpha=\count425
\c@abbrvpenalty=\count426
\c@highnamepenalty=\count427
\c@lownamepenalty=\count428
\c@maxparens=\count429
\c@parenlevel=\count430
\blx@tempcnta=\count431
\blx@tempcntb=\count432
\blx@tempcntc=\count433
\blx@maxsection=\count434
\blx@maxsegment@0=\count435
\blx@notetype=\count436
\blx@parenlevel@text=\count437
\blx@parenlevel@foot=\count438
\blx@sectionciteorder@0=\count439
\blx@entrysetcounter=\count440
\labelnumberwidth=\skip262
\labelalphawidth=\skip263
\biblabelsep=\skip264
\bibnamesep=\skip265
\bibinitsep=\skip266
\bibparsep=\skip267
\bibhang=\skip268
\blx@bcfin=\read4
\blx@bcfout=\write5
\c@mincomprange=\count441
\c@maxcomprange=\count442
\c@mincompwidth=\count443
Package biblatex Info: Trying to load biblatex default data model...
Package biblatex Info: ... file 'blx-dm.def' found.
 (/usr/local/texlive/2018/texmf-dist/tex/latex/biblatex/blx-dm.def
File: blx-dm.def 2018/11/02 v3.12 biblatex localization (PK/MW)
)
Package biblatex Info: Trying to load biblatex style data model...
Package biblatex Info: ... file 'numeric.dbx' not found.
Package biblatex Info: Trying to load biblatex custom data model...
Package biblatex Info: ... file 'biblatex-dm.cfg' not found.
\c@afterword=\count444
\c@savedafterword=\count445
\c@annotator=\count446
\c@savedannotator=\count447
\c@author=\count448
\c@savedauthor=\count449
\c@bookauthor=\count450
\c@savedbookauthor=\count451
\c@commentator=\count452
\c@savedcommentator=\count453
\c@editor=\count454
\c@savededitor=\count455
\c@editora=\count456
\c@savededitora=\count457
\c@editorb=\count458
\c@savededitorb=\count459
\c@editorc=\count460
\c@savededitorc=\count461
\c@foreword=\count462
\c@savedforeword=\count463
\c@holder=\count464
\c@savedholder=\count465
\c@introduction=\count466
\c@savedintroduction=\count467
\c@namea=\count468
\c@savednamea=\count469
\c@nameb=\count470
\c@savednameb=\count471
\c@namec=\count472
\c@savednamec=\count473
\c@translator=\count474
\c@savedtranslator=\count475
\c@shortauthor=\count476
\c@savedshortauthor=\count477
\c@shorteditor=\count478
\c@savedshorteditor=\count479
\c@labelname=\count480
\c@savedlabelname=\count481
\c@institution=\count482
\c@savedinstitution=\count483
\c@lista=\count484
\c@savedlista=\count485
\c@listb=\count486
\c@savedlistb=\count487
\c@listc=\count488
\c@savedlistc=\count489
\c@listd=\count490
\c@savedlistd=\count491
\c@liste=\count492
\c@savedliste=\count493
\c@listf=\count494
\c@savedlistf=\count495
\c@location=\count496
\c@savedlocation=\count497
\c@organization=\count498
\c@savedorganization=\count499
\c@origlocation=\count500
\c@savedoriglocation=\count501
\c@origpublisher=\count502
\c@savedorigpublisher=\count503
\c@publisher=\count504
\c@savedpublisher=\count505
\c@language=\count506
\c@savedlanguage=\count507
\c@origlanguage=\count508
\c@savedoriglanguage=\count509
\c@pageref=\count510
\c@savedpageref=\count511
\shorthandwidth=\skip269
\shortjournalwidth=\skip270
\shortserieswidth=\skip271
\shorttitlewidth=\skip272
\shortauthorwidth=\skip273
\shorteditorwidth=\skip274
\locallabelnumberwidth=\skip275
\locallabelalphawidth=\skip276
\localshorthandwidth=\skip277
\localshortjournalwidth=\skip278
\localshortserieswidth=\skip279
\localshorttitlewidth=\skip280
\localshortauthorwidth=\skip281
\localshorteditorwidth=\skip282
Package biblatex Info: Trying to load enhanced support for Unicode engines...
Package biblatex Info: ... file 'blx-unicode.def' found.
 (/usr/local/texlive/2018/texmf-dist/tex/latex/biblatex/blx-unicode.def)
Package biblatex Info: Trying to load compatibility code...
Package biblatex Info: ... file 'blx-compat.def' found.
 (/usr/local/texlive/2018/texmf-dist/tex/latex/biblatex/blx-compat.def
File: blx-compat.def 2018/11/02 v3.12 biblatex compatibility (PK/MW)
)
Package biblatex Info: Trying to load generic definitions...
Package biblatex Info: ... file 'biblatex.def' found.
 (/usr/local/texlive/2018/texmf-dist/tex/latex/biblatex/biblatex.def
File: biblatex.def 2018/11/02 v3.12 biblatex compatibility (PK/MW)
\c@textcitecount=\count512
\c@textcitetotal=\count513
\c@textcitemaxnames=\count514
\c@biburlnumpenalty=\count515
\c@biburlucpenalty=\count516
\c@biburllcpenalty=\count517
\c@smartand=\count518
)
Package biblatex Info: Trying to load bibliography style 'numeric'...
Package biblatex Info: ... file 'numeric.bbx' found.
 (/usr/local/texlive/2018/texmf-dist/tex/latex/biblatex/bbx/numeric.bbx
File: numeric.bbx 2018/11/02 v3.12 biblatex bibliography style (PK/MW)
Package biblatex Info: Trying to load bibliography style 'standard'...
Package biblatex Info: ... file 'standard.bbx' found.
 (/usr/local/texlive/2018/texmf-dist/tex/latex/biblatex/bbx/standard.bbx
File: standard.bbx 2018/11/02 v3.12 biblatex bibliography style (PK/MW)
\c@bbx:relatedcount=\count519
\c@bbx:relatedtotal=\count520
))
Package biblatex Info: Trying to load citation style 'numeric'...
Package biblatex Info: ... file 'numeric.cbx' found.
 (/usr/local/texlive/2018/texmf-dist/tex/latex/biblatex/cbx/numeric.cbx
File: numeric.cbx 2018/11/02 v3.12 biblatex citation style (PK/MW)
Package biblatex Info: Redefining '\cite'.
Package biblatex Info: Redefining '\parencite'.
Package biblatex Info: Redefining '\footcite'.
Package biblatex Info: Redefining '\footcitetext'.
Package biblatex Info: Redefining '\smartcite'.
Package biblatex Info: Redefining '\supercite'.
Package biblatex Info: Redefining '\textcite'.
Package biblatex Info: Redefining '\textcites'.
Package biblatex Info: Redefining '\cites'.
Package biblatex Info: Redefining '\parencites'.
Package biblatex Info: Redefining '\smartcites'.
)
Package biblatex Info: Trying to load configuration file...
Package biblatex Info: ... file 'biblatex.cfg' found.
 (/usr/local/texlive/2018/texmf-dist/tex/latex/biblatex/biblatex.cfg
File: biblatex.cfg 
)) (/usr/local/texlive/2018/texmf-dist/tex/latex/base/flafter.sty
Package: flafter 2018/11/28 v1.4d Standard LaTeX floats after reference (FMi)
Applying: [2015/01/01] float order in 2-column on input line 49.
Already applied: [0000/00/00] float order in 2-column on input line 151.
) (/usr/local/texlive/2018/texmf-dist/tex/latex/cleveref/cleveref.sty
Package: cleveref 2018/03/27 v0.21.4 Intelligent cross-referencing
LaTeX Info: Redefining \Cref on input line 925.
Package cleveref Info: `hyperref' support loaded on input line 2370.
LaTeX Info: Redefining \cref on input line 2370.
LaTeX Info: Redefining \Cref on input line 2370.
LaTeX Info: Redefining \crefrange on input line 2370.
LaTeX Info: Redefining \Crefrange on input line 2370.
LaTeX Info: Redefining \cpageref on input line 2370.
LaTeX Info: Redefining \Cpageref on input line 2370.
LaTeX Info: Redefining \cpagerefrange on input line 2370.
LaTeX Info: Redefining \Cpagerefrange on input line 2370.
LaTeX Info: Redefining \labelcref on input line 2370.
LaTeX Info: Redefining \labelcpageref on input line 2370.
Package cleveref Info: `listings' support loaded on input line 3131.
Package cleveref Info: always capitalise cross-reference names on input line 7825.
Package cleveref Info: include cross-reference names in hyperlinks on input line 7836.
Package cleveref Info: no abbreviation of names on input line 7852.
Package cleveref Info: include cross-reference names in hyperlinks on input line 7852.
Package cleveref Info: always capitalise cross-reference names on input line 7852.
)
\c@subfigure=\count521
\cftbeforesubfigureskip=\skip283
\cftsubfigureindent=\skip284
\cftsubfigurenumwidth=\skip285
\c@subtable=\count522
\cftbeforesubtableskip=\skip286
\cftsubtableindent=\skip287
\cftsubtablenumwidth=\skip288
 (/usr/local/texlive/2018/texmf-dist/tex/latex/totcount/totcount.sty
Package: totcount 2011/01/25 v1.2 package for gettingthe total value of LaTeX counters
) (/usr/local/texlive/2018/texmf-dist/tex/latex/todonotes/todonotes.sty
Package: todonotes 2019/01/24 v1.1.2 Todonotes source and documentation.
Package: todonotes 2018/11/22
 (/usr/local/texlive/2018/texmf-dist/tex/generic/pgf/frontendlayer/tikz/libraries/tikzlibrarypositioning.code.tex
File: tikzlibrarypositioning.code.tex 2019/02/02 v3.1.1 (3.1.1)
) (/usr/local/texlive/2018/texmf-dist/tex/generic/pgf/frontendlayer/tikz/libraries/tikzlibraryshadows.code.tex
File: tikzlibraryshadows.code.tex 2019/02/02 v3.1.1 (3.1.1)
 (/usr/local/texlive/2018/texmf-dist/tex/generic/pgf/frontendlayer/tikz/libraries/tikzlibraryfadings.code.tex
File: tikzlibraryfadings.code.tex 2019/02/02 v3.1.1 (3.1.1)
 (/usr/local/texlive/2018/texmf-dist/tex/generic/pgf/libraries/pgflibraryfadings.code.tex
File: pgflibraryfadings.code.tex 2019/02/02 v3.1.1 (3.1.1)
)))
\c@@todonotes@numberoftodonotes=\count523
)
\c@todocounter=\count524
\c@todocounter@totc=\count525


Package hyperref Warning: Token not allowed in a PDF string (Unicode):
(hyperref)                removing `\\' on input line 256.


Package hyperref Warning: Token not allowed in a PDF string (Unicode):
(hyperref)                removing `\\' on input line 256.

(/usr/local/texlive/2018/texmf-dist/tex/generic/oberdiek/se-ascii-print.def
File: se-ascii-print.def 2016/05/16 v1.11 stringenc: Printable ASCII characters
)
Package hyperref Info: Option `pdfdisplaydoctitle' set `true' on input line 256.
Package hyperref Info: Option `bookmarksnumbered' set `true' on input line 256.
Package hyperref Info: Option `bookmarksopen' set `true' on input line 256.
Package hyperref Info: Option `breaklinks' set `true' on input line 256.
Package hyperref Info: Option `plainpages' set `false' on input line 256.
Package hyperref Info: Option `unicode' set `true' on input line 256.
Package hyperref Info: Option `colorlinks' set `false' on input line 256.
) (./preamble/fonts.tex

Package fontspec Info: Font family 'texgyreadventor(0)' created for font
(fontspec)             'texgyreadventor' with options
(fontspec)             [Ligatures=TeX,Ligatures=TeX,Extension=.otf,UprightFont=*-regular,BoldFont=*-bold,ItalicFont=*-italic,BoldItalicFont=*-bolditalic,Scale=0.8].
(fontspec)              
(fontspec)              This font family consists of the following NFSS
(fontspec)             series/shapes:
(fontspec)              
(fontspec)             - 'normal' (m/n) with NFSS spec.:
(fontspec)             <->s*[0.8]"[texgyreadventor-regular.otf]/OT:script=latn;language=DFLT;mapping=tex-text;"
(fontspec)             - 'small caps'  (m/sc) with NFSS spec.:
(fontspec)             <->s*[0.8]"[texgyreadventor-regular.otf]/OT:script=latn;language=DFLT;+smcp;mapping=tex-text;"
(fontspec)             - 'bold' (bx/n) with NFSS spec.:
(fontspec)             <->s*[0.8]"[texgyreadventor-bold.otf]/OT:script=latn;language=DFLT;mapping=tex-text;"
(fontspec)             - 'bold small caps'  (bx/sc) with NFSS spec.:
(fontspec)             <->s*[0.8]"[texgyreadventor-bold.otf]/OT:script=latn;language=DFLT;+smcp;mapping=tex-text;"
(fontspec)             - 'italic' (m/it) with NFSS spec.:
(fontspec)             <->s*[0.8]"[texgyreadventor-italic.otf]/OT:script=latn;language=DFLT;mapping=tex-text;"
(fontspec)             - 'italic small caps'  (m/itsc) with NFSS spec.:
(fontspec)             <->s*[0.8]"[texgyreadventor-italic.otf]/OT:script=latn;language=DFLT;+smcp;mapping=tex-text;"
(fontspec)             - 'bold italic' (bx/it) with NFSS spec.:
(fontspec)             <->s*[0.8]"[texgyreadventor-bolditalic.otf]/OT:script=latn;language=DFLT;mapping=tex-text;"
(fontspec)             - 'bold italic small caps'  (bx/itsc) with NFSS spec.:
(fontspec)             <->s*[0.8]"[texgyreadventor-bolditalic.otf]/OT:script=latn;language=DFLT;+smcp;mapping=tex-text;"

LaTeX Info: Redefining \sffamily on input line 27.
) (./preamble/etc.tex (/usr/local/texlive/2018/texmf-dist/tex/latex/blindtext/blindtext.sty
Package: blindtext 2012/01/06 V2.0 blindtext-Package
 (/usr/local/texlive/2018/texmf-dist/tex/latex/tools/xspace.sty
Package: xspace 2014/10/28 v1.13 Space after command names (DPC,MH)
)
\c@blindtext=\count526
\c@Blindtext=\count527
\c@blind@countparstart=\count528
\blind@countxx=\count529
\blindtext@numBlindtext=\count530
\blind@countyy=\count531
\c@blindlist=\count532
\c@blindlistlevel=\count533
\c@blindlist@level=\count534
\blind@listitem=\count535
\c@blind@listcount=\count536
\c@blind@levelcount=\count537
\blind@mathformula=\count538
\blind@Mathformula=\count539
\c@blind@randomcount=\count540
\c@blind@randommax=\count541
\c@blind@pangramcount=\count542
\c@blind@pangrammax=\count543
) (/usr/local/texlive/2018/texmf-dist/tex/latex/algorithms/algorithm.sty
Invalid UTF-8 byte or sequence at line 11 replaced by U+FFFD.
Package: algorithm 2009/08/24 v0.1 Document Style `algorithm' - floating environment
 (/usr/local/texlive/2018/texmf-dist/tex/latex/float/float.sty
Package: float 2001/11/08 v1.3d Float enhancements (AL)
\c@float@type=\count544
\float@exts=\toks47
\float@box=\box94
\@float@everytoks=\toks48
\@floatcapt=\box95
)
\@float@every@algorithm=\toks49
\c@algorithm=\count545
) (/usr/local/texlive/2018/texmf-dist/tex/latex/algorithmicx/algpseudocode.sty
Package: algpseudocode 
 (/usr/local/texlive/2018/texmf-dist/tex/latex/algorithmicx/algorithmicx.sty
Package: algorithmicx 2005/04/27 v1.2 Algorithmicx

Document Style algorithmicx 1.2 - a greatly improved `algorithmic' style
\c@ALG@line=\count546
\c@ALG@rem=\count547
\c@ALG@nested=\count548
\ALG@tlm=\skip289
\ALG@thistlm=\skip290
\c@ALG@Lnr=\count549
\c@ALG@blocknr=\count550
\c@ALG@storecount=\count551
\c@ALG@tmpcounter=\count552
\ALG@tmplength=\skip291
)
Document Style - pseudocode environments for use with the `algorithmicx' style
) (/usr/local/texlive/2018/texmf-dist/tex/latex/enumitem/enumitem.sty
Package: enumitem 2019/02/04 v3.8 Customized lists
\labelindent=\skip292
\enit@outerparindent=\dimen344
\enit@toks=\toks50
\enit@inbox=\box96
\enit@count@id=\count553
\enitdp@description=\count554
) (/usr/local/texlive/2018/texmf-dist/tex/latex/listings/lstlang1.sty
File: lstlang1.sty 2018/09/02 1.7 listings language file
))
Package csquotes Info: Checking for multilingual support...
Package csquotes Info: ... found 'polyglossia' package.
Package csquotes Info: Adjusting default style.
Package csquotes Info: Redefining alias 'default' -> 'english'.
Package biblatex Info: Trying to load language 'english'...
Package biblatex Info: ... file 'english.lbx' found.
 (/usr/local/texlive/2018/texmf-dist/tex/latex/biblatex/lbx/english.lbx
File: english.lbx 2018/11/02 v3.12 biblatex localization (PK/MW)
) (/Users/IdaRiis/Dropbox/DTU/6. semester/Bachelorprojekt F19/Bachelor/latex/template/Thesis.aux (/Users/IdaRiis/Dropbox/DTU/6. semester/Bachelorprojekt F19/Bachelor/latex/template/prefrontmatter/titlepage.aux) (/Users/IdaRiis/Dropbox/DTU/6. semester/Bachelorprojekt F19/Bachelor/latex/template/prefrontmatter/colophon.aux) (/Users/IdaRiis/Dropbox/DTU/6. semester/Bachelorprojekt F19/Bachelor/latex/template/frontmatter/Summary.aux) (/Users/IdaRiis/Dropbox/DTU/6. semester/Bachelorprojekt F19/Bachelor/latex/template/frontmatter/Resum.aux) (/Users/IdaRiis/Dropbox/DTU/6. semester/Bachelorprojekt F19/Bachelor/latex/template/frontmatter/Preface.aux) (/Users/IdaRiis/Dropbox/DTU/6. semester/Bachelorprojekt F19/Bachelor/latex/template/chapters/Introduction.aux) (/Users/IdaRiis/Dropbox/DTU/6. semester/Bachelorprojekt F19/Bachelor/latex/template/chapters/Data.aux) (/Users/IdaRiis/Dropbox/DTU/6. semester/Bachelorprojekt F19/Bachelor/latex/template/chapters/Exploratory.aux) (/Users/IdaRiis/Dropbox/DTU/6. semester/Bachelorprojekt F19/Bachelor/latex/template/chapters/Statistical.aux) (/Users/IdaRiis/Dropbox/DTU/6. semester/Bachelorprojekt F19/Bachelor/latex/template/chapters/HourModels.aux

LaTeX Warning: Label `fig:arima1_pred_55' multiply defined.


LaTeX Warning: Label `fig:arima1_pred_55@cref' multiply defined.


LaTeX Warning: Label `fig:arima1_pred_18' multiply defined.


LaTeX Warning: Label `fig:arima1_pred_18@cref' multiply defined.

) (/Users/IdaRiis/Dropbox/DTU/6. semester/Bachelorprojekt F19/Bachelor/latex/template/chapters/Discussion.aux) (/Users/IdaRiis/Dropbox/DTU/6. semester/Bachelorprojekt F19/Bachelor/latex/template/chapters/Conclusion.aux) (/Users/IdaRiis/Dropbox/DTU/6. semester/Bachelorprojekt F19/Bachelor/latex/template/appendices/AnAppendix.aux))
\openout1 = `Thesis.aux'.

LaTeX Font Info:    Checking defaults for OML/cmm/m/it on input line 8.
LaTeX Font Info:    ... okay on input line 8.
LaTeX Font Info:    Checking defaults for T1/cmr/m/n on input line 8.
LaTeX Font Info:    ... okay on input line 8.
LaTeX Font Info:    Checking defaults for OT1/cmr/m/n on input line 8.
LaTeX Font Info:    ... okay on input line 8.
LaTeX Font Info:    Checking defaults for OMS/cmsy/m/n on input line 8.
LaTeX Font Info:    ... okay on input line 8.
LaTeX Font Info:    Checking defaults for TU/lmr/m/n on input line 8.
LaTeX Font Info:    ... okay on input line 8.
LaTeX Font Info:    Checking defaults for OMX/cmex/m/n on input line 8.
LaTeX Font Info:    ... okay on input line 8.
LaTeX Font Info:    Checking defaults for U/cmr/m/n on input line 8.
LaTeX Font Info:    ... okay on input line 8.
LaTeX Font Info:    Checking defaults for PD1/pdf/m/n on input line 8.
LaTeX Font Info:    ... okay on input line 8.
LaTeX Font Info:    Checking defaults for PU/pdf/m/n on input line 8.
LaTeX Font Info:    ... okay on input line 8.
Package nag Info: pgf.sty is broken: disabling dollar check on input line 8.
Package nag Info: Command \RaggedLeft not defined, skipping amendment on input line 8.
Package nag Info: Command \RaggedRight not defined, skipping amendment on input line 8.
LaTeX Info: Redefining \microtypecontext on input line 8.
Package microtype Info: Character protrusion enabled (level 2).
Package microtype Info: Using default protrusion set `alltext'.
Package microtype Info: No adjustment of tracking.
Package microtype Info: No adjustment of spacing.
Package microtype Info: No adjustment of kerning.
 (/usr/local/texlive/2018/texmf-dist/tex/latex/microtype/mt-cmr.cfg
File: mt-cmr.cfg 2013/05/19 v2.2 microtype config. file: Computer Modern Roman (RS)
)
Package microtype Info: Loading generic protrusion settings for font family
(microtype)             `lmr' (encoding: TU).
(microtype)             For optimal results, create family-specific settings.
(microtype)             See the microtype manual for details.
\c@lstlisting=\count555
 ABD: EveryShipout initializing macros
LaTeX Info: Redefining \celsius on input line 8.
Package gensymb Info: Faking symbols for \degree and \celsius on input line 8.


Package gensymb Warning: Not defining \perthousand.

LaTeX Info: Redefining \ohm on input line 8.
Package gensymb Info: Using \Omega for \ohm on input line 8.

Package gensymb Warning: Not defining \micro.

\AtBeginShipoutBox=\box97
Package hyperref Info: Link coloring OFF on input line 8.
(/usr/local/texlive/2018/texmf-dist/tex/latex/hyperref/nameref.sty
Package: nameref 2016/05/21 v2.44 Cross-referencing by name of section
 (/usr/local/texlive/2018/texmf-dist/tex/generic/oberdiek/gettitlestring.sty
Package: gettitlestring 2016/05/16 v1.5 Cleanup title references (HO)
)
\c@section@level=\count556
)
Redoing nameref's sectioning
Redoing nameref's label
LaTeX Info: Redefining \nameref on input line 8.
LaTeX Info: Redefining \ref on input line 8.
LaTeX Info: Redefining \pageref on input line 8.
LaTeX Info: Redefining \nameref on input line 8.
(/Users/IdaRiis/Dropbox/DTU/6. semester/Bachelorprojekt F19/Bachelor/latex/template/Thesis.out) (/Users/IdaRiis/Dropbox/DTU/6. semester/Bachelorprojekt F19/Bachelor/latex/template/Thesis.out)
\@outlinefile=\write6
\openout6 = `Thesis.out'.

Package caption Info: Begin \AtBeginDocument code.
Package caption Info: float package is loaded.
Package caption Info: End \AtBeginDocument code.
Package biblatex Info: XeTeX detected.
(biblatex)             Assuming input encoding 'utf8'.
Package biblatex Info: Automatic encoding selection.
(biblatex)             Assuming data encoding 'utf8'.
\openout5 = `Thesis.bcf'.

Package biblatex Info: Trying to load bibliographic data...
Package biblatex Info: ... file 'Thesis.bbl' found.
 (/Users/IdaRiis/Dropbox/DTU/6. semester/Bachelorprojekt F19/Bachelor/latex/template/Thesis.bbl)
Package biblatex Info: Reference section=0 on input line 8.
Package biblatex Info: Reference segment=0 on input line 8.


Package todonotes Warning: The length marginparwidth is less than 2cm and will most likely cause issues with the appearance of inserted todonotes. The issue can be solved by adding a line like \setlength {\marginparwidth }{2cm} prior to loading the todonotes package. on input line 8.

Package nag Info: Command \captionabove not defined, skipping amendment on input line 8.
Package nag Info: Command \captionbelow not defined, skipping amendment on input line 8.
Package nag Info: Command \hc@caption not defined, skipping amendment on input line 8.
Package nag Info: Command \topcaption not defined, skipping amendment on input line 8.
\openout2 = `prefrontmatter/titlepage.aux'.

(/Users/IdaRiis/Dropbox/DTU/6. semester/Bachelorprojekt F19/Bachelor/latex/template/prefrontmatter/titlepage.tex
LaTeX Font Info:    Font shape `TU/texgyreadventor(0)/m/n' will be
(Font)              scaled to size 8.00003pt on input line 6.
Package microtype Info: Loading generic protrusion settings for font family
(microtype)             `texgyreadventor' (encoding: TU).
(microtype)             For optimal results, create family-specific settings.
(microtype)             See the microtype manual for details.
File: graphics/DTU-Compute-B-UK.pdf Graphic file (type pdf)
<use graphics/DTU-Compute-B-UK.pdf>
LaTeX Font Info:    Font shape `TU/texgyreadventor(0)/m/n' will be
(Font)              scaled to size 19.90407pt on input line 14.
LaTeX Font Info:    Font shape `TU/texgyreadventor(0)/m/n' will be
(Font)              scaled to size 16.59206pt on input line 15.
LaTeX Font Info:    Font shape `TU/texgyreadventor(0)/m/n' will be
(Font)              scaled to size 11.52003pt on input line 22.
LaTeX Font Info:    Font shape `TU/texgyreadventor(0)/m/n' will be
(Font)              scaled to size 9.60004pt on input line 22.
File: graphics/DTU-logo-CMYK.pdf Graphic file (type pdf)
<use graphics/DTU-logo-CMYK.pdf>
File: graphics/SEAS-logo-square-1.png Graphic file (type bmp)
<graphics/SEAS-logo-square-1.png>

Overfull \hbox (5.57422pt too wide) in paragraph at lines 12--26
\TU/texgyreadventor(0)/m/n/24.88 readings of electricity, water and heat con-
 []

) [1


]
\openout2 = `prefrontmatter/colophon.aux'.

 (/Users/IdaRiis/Dropbox/DTU/6. semester/Bachelorprojekt F19/Bachelor/latex/template/prefrontmatter/colophon.tex
LaTeX Font Info:    Font shape `TU/texgyreadventor(0)/m/n' will be
(Font)              scaled to size 7.20003pt on input line 7.
LaTeX Font Info:    Font shape `TU/texgyreadventor(0)/bx/n' will be
(Font)              scaled to size 7.20003pt on input line 8.
)
Underfull \hbox (badness 10000) in paragraph at lines 5--13

 []

File: graphics/DTU-frise-SH-15.pdf Graphic file (type pdf)
<use graphics/DTU-frise-SH-15.pdf>
[2



]
\openout2 = `frontmatter/Summary.aux'.

 (/Users/IdaRiis/Dropbox/DTU/6. semester/Bachelorprojekt F19/Bachelor/latex/template/frontmatter/Summary.tex
LaTeX Font Info:    Font shape `TU/texgyreadventor(0)/m/n' will be
(Font)              scaled to size 43.20016pt on input line 2.
LaTeX Font Info:    Font shape `TU/texgyreadventor(0)/m/n' will be
(Font)              scaled to size 33.60013pt on input line 2.
) [1





]
\openout2 = `frontmatter/Resum.aux'.

 (/Users/IdaRiis/Dropbox/DTU/6. semester/Bachelorprojekt F19/Bachelor/latex/template/frontmatter/Resum.tex [2



]) [3]
\openout2 = `frontmatter/Preface.aux'.

 (/Users/IdaRiis/Dropbox/DTU/6. semester/Bachelorprojekt F19/Bachelor/latex/template/frontmatter/Preface.tex [4



]
Underfull \hbox (badness 10000) in paragraph at lines 3--4

 []

) [5] [6


] (/Users/IdaRiis/Dropbox/DTU/6. semester/Bachelorprojekt F19/Bachelor/latex/template/Thesis.toc
Package cleveref Info: loaded `english' language definitions on input line 3.
LaTeX Font Info:    Try loading font information for OT1+lmr on input line 5.
 (/usr/local/texlive/2018/texmf-dist/tex/latex/lm/ot1lmr.fd
File: ot1lmr.fd 2009/10/30 v1.6 Font defs for Latin Modern
)
LaTeX Font Info:    Try loading font information for OML+lmm on input line 5.
 (/usr/local/texlive/2018/texmf-dist/tex/latex/lm/omllmm.fd
File: omllmm.fd 2009/10/30 v1.6 Font defs for Latin Modern
)
LaTeX Font Info:    Try loading font information for OMS+lmsy on input line 5.
 (/usr/local/texlive/2018/texmf-dist/tex/latex/lm/omslmsy.fd
File: omslmsy.fd 2009/10/30 v1.6 Font defs for Latin Modern
)
LaTeX Font Info:    Try loading font information for OMX+lmex on input line 5.
 (/usr/local/texlive/2018/texmf-dist/tex/latex/lm/omxlmex.fd
File: omxlmex.fd 2009/10/30 v1.6 Font defs for Latin Modern
)
LaTeX Font Info:    External font `lmex10' loaded for size
(Font)              <10> on input line 5.
LaTeX Font Info:    External font `lmex10' loaded for size
(Font)              <7> on input line 5.
LaTeX Font Info:    External font `lmex10' loaded for size
(Font)              <5> on input line 5.
LaTeX Font Info:    Try loading font information for U+msa on input line 5.
 (/usr/local/texlive/2018/texmf-dist/tex/latex/amsfonts/umsa.fd
File: umsa.fd 2013/01/14 v3.01 AMS symbols A
) (/usr/local/texlive/2018/texmf-dist/tex/latex/microtype/mt-msa.cfg
File: mt-msa.cfg 2006/02/04 v1.1 microtype config. file: AMS symbols (a) (RS)
)
LaTeX Font Info:    Try loading font information for U+msb on input line 5.
 (/usr/local/texlive/2018/texmf-dist/tex/latex/amsfonts/umsb.fd
File: umsb.fd 2013/01/14 v3.01 AMS symbols B
) (/usr/local/texlive/2018/texmf-dist/tex/latex/microtype/mt-msb.cfg
File: mt-msb.cfg 2005/06/01 v1.0 microtype config. file: AMS symbols (b) (RS)
) [7]) [8]
\openout2 = `chapters/Introduction.aux'.

 (/Users/IdaRiis/Dropbox/DTU/6. semester/Bachelorprojekt F19/Bachelor/latex/template/chapters/Introduction.tex
Underfull \hbox (badness 10000) in paragraph at lines 3--4

 []

LaTeX Font Info:    Font shape `TU/texgyreadventor(0)/m/n' will be
(Font)              scaled to size 13.82405pt on input line 8.
File: graphics/../../../figures/Watts.png Graphic file (type bmp)
<graphics/../../../figures/Watts.png>
[1




]
Underfull \hbox (badness 10000) in paragraph at lines 19--21

 []

) [2]
\openout2 = `chapters/Data.aux'.

 (/Users/IdaRiis/Dropbox/DTU/6. semester/Bachelorprojekt F19/Bachelor/latex/template/chapters/Data.tex
Package microtype Info: Loading generic protrusion settings for font family
(microtype)             `lmtt' (encoding: TU).
(microtype)             For optimal results, create family-specific settings.
(microtype)             See the microtype manual for details.

Underfull \hbox (badness 10000) in paragraph at lines 8--10

 []

[3



]
Overfull \hbox (21.45657pt too wide) in paragraph at lines 41--60
 [][] 
 []


Underfull \vbox (badness 10000) has occurred while \output is active []

 [4]
Underfull \vbox (badness 10000) has occurred while \output is active []

 [5]) [6] [7]
\openout2 = `chapters/Exploratory.aux'.

 (/Users/IdaRiis/Dropbox/DTU/6. semester/Bachelorprojekt F19/Bachelor/latex/template/chapters/Exploratory.tex [8



]
File: graphics/../../../figures/daily_cons.pdf Graphic file (type pdf)
<use graphics/../../../figures/daily_cons.pdf>

Underfull \vbox (badness 10000) has occurred while \output is active []

 [9]
File: graphics/../../../figures/housepairs.pdf Graphic file (type pdf)
<use graphics/../../../figures/housepairs.pdf>

Underfull \vbox (badness 10000) has occurred while \output is active []

 [10]
File: graphics/../../../figures/weatherpairs.pdf Graphic file (type pdf)
<use graphics/../../../figures/weatherpairs.pdf>

Underfull \vbox (badness 10000) has occurred while \output is active []

 [11]
File: graphics/../../../figures/bbr_hist.pdf Graphic file (type pdf)
<use graphics/../../../figures/bbr_hist.pdf>

Underfull \vbox (badness 10000) has occurred while \output is active []

 [12]
Underfull \hbox (badness 10000) in paragraph at lines 62--63

 []

File: graphics/../../../figures/byggeaar.eps Graphic file (type eps)
<graphics/../../../figures/byggeaar.eps>
[13]
Underfull \hbox (badness 10000) in paragraph at lines 74--75

 []

[14]
File: graphics/../../../figures/gg_cor.pdf Graphic file (type pdf)
<use graphics/../../../figures/gg_cor.pdf>

Underfull \hbox (badness 10000) in paragraph at lines 83--84

 []


Overfull \hbox (37.79005pt too wide) in paragraph at lines 88--105
 [][] 
 []


Underfull \vbox (badness 10000) has occurred while \output is active []

 [15] [16]
File: graphics/../../../figures/Consumption_PW.eps Graphic file (type eps)
<graphics/../../../figures/Consumption_PW.eps>

Underfull \vbox (badness 10000) has occurred while \output is active []

 [17] [18]
File: graphics/../../../figures/Breakpoint_55.eps Graphic file (type eps)
<graphics/../../../figures/Breakpoint_55.eps>
File: graphics/../../../figures/Breakpoint_18.eps Graphic file (type eps)
<graphics/../../../figures/Breakpoint_18.eps>
File: graphics/../../../figures/AlphaHist.eps Graphic file (type eps)
<graphics/../../../figures/AlphaHist.eps>

Underfull \vbox (badness 10000) has occurred while \output is active []

 [19]
Overfull \vbox (18.23863pt too high) has occurred while \output is active []

 [20]
File: graphics/../../../figures/class_breakpoint.eps Graphic file (type eps)
<graphics/../../../figures/class_breakpoint.eps>
)
Underfull \vbox (badness 10000) has occurred while \output is active []

 [21] [22]
\openout2 = `chapters/Statistical.aux'.

 (/Users/IdaRiis/Dropbox/DTU/6. semester/Bachelorprojekt F19/Bachelor/latex/template/chapters/Statistical.tex
Underfull \vbox (badness 1496) has occurred while \output is active []

 [23



]
Underfull \hbox (badness 10000) in paragraph at lines 26--27

 []


Underfull \hbox (badness 10000) in paragraph at lines 28--29

 []

[24]
Underfull \hbox (badness 10000) in paragraph at lines 50--51

 []

File: graphics/../../../figures/simple_lm18.eps Graphic file (type eps)
<graphics/../../../figures/simple_lm18.eps>
File: graphics/../../../figures/simple_lm55.eps Graphic file (type eps)
<graphics/../../../figures/simple_lm55.eps>
[25]
Underfull \hbox (badness 10000) in paragraph at lines 71--73

 []

[26] [27]
File: graphics/../../../figures/SplineBasis.jpeg Graphic file (type bmp)
<graphics/../../../figures/SplineBasis.jpeg>
 [28]
Underfull \vbox (badness 10000) has occurred while \output is active []

 [29] [30]
File: graphics/../../../figures/general_lm18L.eps Graphic file (type eps)
<graphics/../../../figures/general_lm18L.eps>
File: graphics/../../../figures/general_lm55L.eps Graphic file (type eps)
<graphics/../../../figures/general_lm55L.eps>
 [31]
File: graphics/../../../figures/Temp_coef.eps Graphic file (type eps)
<graphics/../../../figures/Temp_coef.eps>
File: graphics/../../../figures/Solar_coef.eps Graphic file (type eps)
<graphics/../../../figures/Solar_coef.eps>
 [32]
File: graphics/../../../figures/TestWeatherDays.eps Graphic file (type eps)
<graphics/../../../figures/TestWeatherDays.eps>
File: graphics/../../../figures/lmpred_55L.eps Graphic file (type eps)
<graphics/../../../figures/lmpred_55L.eps>
File: graphics/../../../figures/lmpred_18L.eps Graphic file (type eps)
<graphics/../../../figures/lmpred_18L.eps>
 [33] [34]
Underfull \hbox (badness 10000) in paragraph at lines 237--238

 []

File: graphics/../../../figures/Wplot55.jpeg Graphic file (type bmp)
<graphics/../../../figures/Wplot55.jpeg>
File: graphics/../../../figures/Wplot18.jpeg Graphic file (type bmp)
<graphics/../../../figures/Wplot18.jpeg>
[35] [36]
Underfull \hbox (badness 10000) in paragraph at lines 258--259

 []

File: graphics/../../../figures/WKplot55.jpeg Graphic file (type bmp)
<graphics/../../../figures/WKplot55.jpeg>
File: graphics/../../../figures/WKplot18.jpeg Graphic file (type bmp)
<graphics/../../../figures/WKplot18.jpeg>

LaTeX Warning: Reference `fig: lmpred_hist_55L' on page 1 undefined on input line 275.


LaTeX Warning: Reference `fig: lmpred_hist_18L' on page 1 undefined on input line 275.

File: graphics/../../../figures/Kplot55.eps Graphic file (type eps)
<graphics/../../../figures/Kplot55.eps>
[37] [38]
File: graphics/../../../figures/Kplot18.eps Graphic file (type eps)
<graphics/../../../figures/Kplot18.eps>
) [39] [40] [41] [42] [43] [44]
\openout2 = `chapters/HourModels.aux'.

 (/Users/IdaRiis/Dropbox/DTU/6. semester/Bachelorprojekt F19/Bachelor/latex/template/chapters/HourModels.tex
File: graphics/../../../figures/Heatmap_summer.eps Graphic file (type eps)
<graphics/../../../figures/Heatmap_summer.eps>
File: graphics/../../../figures/Heatmap_winter.eps Graphic file (type eps)
<graphics/../../../figures/Heatmap_winter.eps>

Underfull \vbox (badness 10000) has occurred while \output is active []

 [45



] [46] [47]
File: graphics/../../../figures/Season_distribution.jpeg Graphic file (type bmp)
<graphics/../../../figures/Season_distribution.jpeg>
File: graphics/../../../figures/HourDistribution.jpeg Graphic file (type bmp)
<graphics/../../../figures/HourDistribution.jpeg>

Underfull \vbox (badness 10000) has occurred while \output is active []

 [48] [49] [50] [51] [52]
File: graphics/../../../figures/arimax/Stationarity_model1.pdf Graphic file (type pdf)
<use graphics/../../../figures/arimax/Stationarity_model1.pdf>
File: graphics/../../../figures/arimax/Stationarity_model1_18.pdf Graphic file (type pdf)
<use graphics/../../../figures/arimax/Stationarity_model1_18.pdf>
File: graphics/../../../figures/arimax/Roots_55.pdf Graphic file (type pdf)
<use graphics/../../../figures/arimax/Roots_55.pdf>
File: graphics/../../../figures/arimax/Roots_18.pdf Graphic file (type pdf)
<use graphics/../../../figures/arimax/Roots_18.pdf>
 [53] [54] [55] [56] [57]

LaTeX Warning: No positions in optional float specifier.
               Default added (so using `tbp') on input line 154.


LaTeX Warning: No positions in optional float specifier.
               Default added (so using `tbp') on input line 166.

File: graphics/../../../figures/arimax/ACF_55_short.pdf Graphic file (type pdf)
<use graphics/../../../figures/arimax/ACF_55_short.pdf>

Overfull \hbox (1.56888pt too wide) detected at line 189
[]
 []

[58] [59]

LaTeX Warning: No positions in optional float specifier.
               Default added (so using `tbp') on input line 192.

File: graphics/../../../figures/arimax/ACF_18_short.pdf Graphic file (type pdf)
<use graphics/../../../figures/arimax/ACF_18_short.pdf>
[60] [61]
File: graphics/../../../figures/TestWeatherHour.eps Graphic file (type eps)
<graphics/../../../figures/TestWeatherHour.eps>
File: graphics/../../../figures/arimax/arima1_pred_55.eps Graphic file (type eps)
<graphics/../../../figures/arimax/arima1_pred_55.eps>
File: graphics/../../../figures/arimax/arima1_pred_18.eps Graphic file (type eps)
<graphics/../../../figures/arimax/arima1_pred_18.eps>
File: graphics/../../../figures/arimax/arima2_pred_55.eps Graphic file (type eps)
<graphics/../../../figures/arimax/arima2_pred_55.eps>
File: graphics/../../../figures/arimax/arima2_pred_18.eps Graphic file (type eps)
<graphics/../../../figures/arimax/arima2_pred_18.eps>
File: graphics/../../../figures/Pred14days6.eps Graphic file (type eps)
<graphics/../../../figures/Pred14days6.eps>
 [62] [63] [64]
File: graphics/../../../figures/AppHour6.eps Graphic file (type eps)
<graphics/../../../figures/AppHour6.eps>
 [65] [66]
Underfull \hbox (badness 10000) in paragraph at lines 306--308

 []


Overfull \hbox (16.21452pt too wide) in paragraph at lines 309--310
\TU/lmr/m/n/10 the orders of the models tested are MARIMA$\OT1/lmr/m/n/10 (1\OML/lmm/m/it/10 ; \OT1/lmr/m/n/10 0\OML/lmm/m/it/10 ; \OT1/lmr/m/n/10 1)$\TU/lmr/m/n/10 , MARIMA$\OT1/lmr/m/n/10 (2\OML/lmm/m/it/10 ; \OT1/lmr/m/n/10 0\OML/lmm/m/it/10 ; \OT1/lmr/m/n/10 1)$\TU/lmr/m/n/10 , MARIMA$\OT1/lmr/m/n/10 (3\OML/lmm/m/it/10 ; \OT1/lmr/m/n/10 0\OML/lmm/m/it/10 ; \OT1/lmr/m/n/10 1)$
 []

[67]
File: graphics/../../../figures/StepResponse.eps Graphic file (type eps)
<graphics/../../../figures/StepResponse.eps>
 [68]
File: graphics/../../../figures/MarimaHCL.eps Graphic file (type eps)
<graphics/../../../figures/MarimaHCL.eps>
File: graphics/../../../figures/MarimaHCLF.eps Graphic file (type eps)
<graphics/../../../figures/MarimaHCLF.eps>
) [69] [70] [71]
\openout2 = `chapters/Discussion.aux'.

 (/Users/IdaRiis/Dropbox/DTU/6. semester/Bachelorprojekt F19/Bachelor/latex/template/chapters/Discussion.tex [72



]
Underfull \hbox (badness 10000) in paragraph at lines 3--4

 []


Underfull \hbox (badness 10000) in paragraph at lines 5--6

 []


Underfull \vbox (badness 5302) has occurred while \output is active []

 [73]
Missing character: There is no  in font [lmroman10-regular]:mapping=tex-text;!
Missing character: There is no  in font [lmroman10-regular]:mapping=tex-text;!

Underfull \hbox (badness 10000) in paragraph at lines 9--10

 []


Underfull \hbox (badness 10000) in paragraph at lines 11--12

 []


Underfull \hbox (badness 10000) in paragraph at lines 17--18

 []

[74]
Missing character: There is no  in font [lmroman10-regular]:mapping=tex-text;!
Missing character: There is no  in font [lmroman10-regular]:mapping=tex-text;!

Underfull \hbox (badness 10000) in paragraph at lines 19--20

 []

) [75]
\openout2 = `chapters/Conclusion.aux'.

 (/Users/IdaRiis/Dropbox/DTU/6. semester/Bachelorprojekt F19/Bachelor/latex/template/chapters/Conclusion.tex [76



]) [77]
\openout2 = `appendices/AnAppendix.aux'.

 (/Users/IdaRiis/Dropbox/DTU/6. semester/Bachelorprojekt F19/Bachelor/latex/template/appendices/AnAppendix.tex [78



]
Underfull \vbox (badness 10000) has occurred while \output is active []

 [79]
Underfull \vbox (badness 10000) has occurred while \output is active []

 [80]
Overfull \hbox (30.64294pt too wide) in paragraph at lines 103--152
 [][] 
 []


Underfull \vbox (badness 10000) has occurred while \output is active []

 [81]
Underfull \vbox (badness 10000) has occurred while \output is active []

 [82]
Underfull \vbox (badness 10000) has occurred while \output is active []

 [83]
Overfull \hbox (11.04pt too wide) in paragraph at lines 247--296
 [][] 
 []


Overfull \hbox (1.34999pt too wide) in paragraph at lines 301--334
 [][] 
 []

[84]
Underfull \vbox (badness 10000) has occurred while \output is active []

 [85]
Overfull \vbox (79.13501pt too high) has occurred while \output is active []

 [86]
Overfull \hbox (15.29007pt too wide) in paragraph at lines 340--346
[][] 
 []


Overfull \hbox (11.96007pt too wide) in paragraph at lines 351--357
[][] 
 []


Underfull \vbox (badness 10000) has occurred while \output is active []

 [87] [88]
File: graphics/../../../figures/house_attri.pdf Graphic file (type pdf)
<use graphics/../../../figures/house_attri.pdf>

Overfull \hbox (1.68883pt too wide) in paragraph at lines 407--408
 [][] 
 []


Underfull \vbox (badness 10000) has occurred while \output is active []

 [89

]
Underfull \vbox (badness 10000) has occurred while \output is active []

 [90]
Overfull \vbox (9.65367pt too high) has occurred while \output is active []

 [91]
File: graphics/../../../figures/weather_cons.pdf Graphic file (type pdf)
<use graphics/../../../figures/weather_cons.pdf>

Overfull \hbox (1.68883pt too wide) in paragraph at lines 414--415
 [][] 
 []

File: graphics/../../../figures/arimax/ACF_55_long.pdf Graphic file (type pdf)
<use graphics/../../../figures/arimax/ACF_55_long.pdf>

Underfull \vbox (badness 10000) has occurred while \output is active []

 [92]
File: graphics/../../../figures/arimax/ACF_18_long.pdf Graphic file (type pdf)
<use graphics/../../../figures/arimax/ACF_18_long.pdf>
)
Underfull \vbox (badness 10000) has occurred while \output is active []

 [93] [94]

Package biblatex Warning: 'sorting' option to '\printbibliography' is no longer supported.
(biblatex)                Please use 'sorting' option to '\newrefcontext'.


Package biblatex Warning: No driver for entry type 'url'.
(biblatex)                Using fallback driver on input line 44.


Package biblatex Warning: No driver for entry type 'url'.
(biblatex)                Using fallback driver on input line 44.


Package biblatex Warning: No driver for entry type 'url'.
(biblatex)                Using fallback driver on input line 44.


Overfull \hbox (50.28pt too wide) in paragraph at lines 44--44
[][][][][][][][] [] [][][][][][][][][][] [][] [][][][][][][][][] [] [][][][][][][][][][] [] [][][][][][] [] [][][][][][][][][][][][][][][][][][][][][][][][][][] []
 []


Package biblatex Warning: No driver for entry type 'url'.
(biblatex)                Using fallback driver on input line 44.


Overfull \hbox (51.95215pt too wide) in paragraph at lines 44--44
[]\TU/lmr/m/n/10 Aalborg Forsyning. \TU/lmr/m/it/10 Aalborg Forsynings hjemmeside\TU/lmr/m/n/10 . \TU/lmr/m/sc/10 url\TU/lmr/m/n/10 : []$[][][][][] [] [] [] [][][] [] [][][][][][][][][][][][][][][][] []
 []


Package biblatex Warning: No driver for entry type 'url'.
(biblatex)                Using fallback driver on input line 44.


Package biblatex Warning: No driver for entry type 'url'.
(biblatex)                Using fallback driver on input line 44.


Package biblatex Warning: No driver for entry type 'url'.
(biblatex)                Using fallback driver on input line 44.


Package biblatex Warning: No driver for entry type 'url'.
(biblatex)                Using fallback driver on input line 44.


Overfull \hbox (52.91878pt too wide) in paragraph at lines 44--44
[]\TU/lmr/m/n/10 Wikipedia. \TU/lmr/m/it/10 Multicollinearity\TU/lmr/m/n/10 . \TU/lmr/m/sc/10 url\TU/lmr/m/n/10 : []$[][][][][] [] [] [] [][] [] [][][][][][][][][] [] [][][] [] [][][][] [] [][][][][][][][][][][][][][][][][]$[]. 
 []

[95



]

Package biblatex Warning: No driver for entry type 'package'.
(biblatex)                Using fallback driver on input line 45.


Package biblatex Warning: No driver for entry type 'package'.
(biblatex)                Using fallback driver on input line 45.


Package biblatex Warning: No driver for entry type 'package'.
(biblatex)                Using fallback driver on input line 45.


Package biblatex Warning: No driver for entry type 'package'.
(biblatex)                Using fallback driver on input line 45.


Package biblatex Warning: No driver for entry type 'package'.
(biblatex)                Using fallback driver on input line 45.

No complaints by nag.
[96]
\tf@toc=\write7
\openout7 = `Thesis.toc'.

Package atveryend Info: Empty hook `BeforeClearDocument' on input line 48.
Package atveryend Info: Empty hook `AfterLastShipout' on input line 48.
 (/Users/IdaRiis/Dropbox/DTU/6. semester/Bachelorprojekt F19/Bachelor/latex/template/Thesis.aux (/Users/IdaRiis/Dropbox/DTU/6. semester/Bachelorprojekt F19/Bachelor/latex/template/prefrontmatter/titlepage.aux)
Package cleveref Info: loaded `english' language definitions on input line 25.
 (/Users/IdaRiis/Dropbox/DTU/6. semester/Bachelorprojekt F19/Bachelor/latex/template/prefrontmatter/colophon.aux) (/Users/IdaRiis/Dropbox/DTU/6. semester/Bachelorprojekt F19/Bachelor/latex/template/frontmatter/Summary.aux) (/Users/IdaRiis/Dropbox/DTU/6. semester/Bachelorprojekt F19/Bachelor/latex/template/frontmatter/Resum.aux) (/Users/IdaRiis/Dropbox/DTU/6. semester/Bachelorprojekt F19/Bachelor/latex/template/frontmatter/Preface.aux) (/Users/IdaRiis/Dropbox/DTU/6. semester/Bachelorprojekt F19/Bachelor/latex/template/chapters/Introduction.aux) (/Users/IdaRiis/Dropbox/DTU/6. semester/Bachelorprojekt F19/Bachelor/latex/template/chapters/Data.aux) (/Users/IdaRiis/Dropbox/DTU/6. semester/Bachelorprojekt F19/Bachelor/latex/template/chapters/Exploratory.aux) (/Users/IdaRiis/Dropbox/DTU/6. semester/Bachelorprojekt F19/Bachelor/latex/template/chapters/Statistical.aux) (/Users/IdaRiis/Dropbox/DTU/6. semester/Bachelorprojekt F19/Bachelor/latex/template/chapters/HourModels.aux) (/Users/IdaRiis/Dropbox/DTU/6. semester/Bachelorprojekt F19/Bachelor/latex/template/chapters/Discussion.aux) (/Users/IdaRiis/Dropbox/DTU/6. semester/Bachelorprojekt F19/Bachelor/latex/template/chapters/Conclusion.aux) (/Users/IdaRiis/Dropbox/DTU/6. semester/Bachelorprojekt F19/Bachelor/latex/template/appendices/AnAppendix.aux))
Package atveryend Info: Empty hook `AtVeryEndDocument' on input line 48.
Package atveryend Info: Executing hook `AtEndAfterFileList' on input line 48.
Package rerunfilecheck Info: File `Thesis.out' has not changed.
(rerunfilecheck)             Checksum: 4D5137B40B7FE7434EA3BF4B62F260E7.


LaTeX Warning: There were undefined references.


LaTeX Warning: There were multiply-defined labels.

Package logreq Info: Writing requests to 'Thesis.run.xml'.
\openout1 = `Thesis.run.xml'.

Package atveryend Info: Empty hook `AtVeryVeryEnd' on input line 48.
 ) 
Here is how much of TeX's memory you used:
 51307 strings out of 492933
 987350 string characters out of 6133145
 1776909 words of memory out of 5000000
 54520 multiletter control sequences out of 15000+600000
 564913 words of font info for 77 fonts, out of 8000000 for 9000
 1348 hyphenation exceptions out of 8191
 62i,16n,81p,2705b,7953s stack positions out of 5000i,500n,10000p,200000b,80000s

Output written on /Users/IdaRiis/Dropbox/DTU/6. semester/Bachelorprojekt F19/Bachelor/latex/template/Thesis.pdf (106 pages).
