\BOOKMARK [0][]{chapter*.1}{Abstract}{}% 1
\BOOKMARK [0][]{chapter*.2}{Preface}{}% 2
\BOOKMARK [0][]{chapter*.3}{Acknowledgements}{}% 3
\BOOKMARK [0][]{section*.4}{Contents}{}% 4
\BOOKMARK [0][]{section*.5}{Todo\040list}{}% 5
\BOOKMARK [0][]{chapter.1}{1\040Introduction}{}% 6
\BOOKMARK [1][]{section.1.1}{1.1\040Torquent\040Arcu}{chapter.1}% 7
\BOOKMARK [1][]{section.1.2}{1.2\040Luctus}{chapter.1}% 8
\BOOKMARK [1][]{section.1.3}{1.3\040Sollicitudin\040vestibulum}{chapter.1}% 9
\BOOKMARK [0][]{chapter.2}{2\040Data}{}% 10
\BOOKMARK [1][]{section.2.1}{2.1\040Original\040data}{chapter.2}% 11
\BOOKMARK [1][]{section.2.2}{2.2\040Cleaning\040and\040preparation}{chapter.2}% 12
\BOOKMARK [0][]{chapter.3}{3\040Exploratory\040Analysis}{}% 13
\BOOKMARK [1][]{section.3.1}{3.1\040Data\040segmentation}{chapter.3}% 14
\BOOKMARK [1][]{section.3.2}{3.2\040BBR\040data}{chapter.3}% 15
\BOOKMARK [1][]{section.3.3}{3.3\040Multicollinearity}{chapter.3}% 16
\BOOKMARK [0][]{chapter.4}{4\040Statistical\040models}{}% 17
\BOOKMARK [1][]{section.4.1}{4.1\040Linear\040regression}{chapter.4}% 18
\BOOKMARK [1][]{section.4.2}{4.2\040Simple\040linear\040regression\040model}{chapter.4}% 19
\BOOKMARK [1][]{section.4.3}{4.3\040Multiple\040linear\040regression\040model}{chapter.4}% 20
\BOOKMARK [0][]{chapter.5}{5 Vejledningsmøder}{}% 21
\BOOKMARK [1][]{section.5.1}{5.1\04019.\040februar}{chapter.5}% 22
\BOOKMARK [1][]{section.5.2}{5.2\04026.\040februar}{chapter.5}% 23
\BOOKMARK [1][]{section.5.3}{5.3\0405.\040marts}{chapter.5}% 24
\BOOKMARK [1][]{section.5.4}{5.4\04012.\040marts}{chapter.5}% 25
\BOOKMARK [1][]{section.5.5}{5.5\04019.\040marts}{chapter.5}% 26
\BOOKMARK [1][]{section.5.6}{5.6\04026.\040marts}{chapter.5}% 27
\BOOKMARK [1][]{section.5.7}{5.7\0405.\040april}{chapter.5}% 28
\BOOKMARK [1][]{section.5.8}{5.8\0408.\040april}{chapter.5}% 29
